2024-05-14 10:03:35,878 - INFO - Beginning of log
2024-05-14 10:03:36,295 - INFO - Remove 79 bytes of garbage at begining of packet
2024-05-14 10:03:36,395 - INFO - Robot is Online
2024-05-14 10:03:36,694 - INFO - MOVE TO STARTING POSITION

2024-05-14 10:03:39,712 - INFO - Camera operation beginning...
2024-05-14 10:03:43,574 - INFO - Images captured
2024-05-14 10:03:53,270 - INFO - Images cropped
2024-05-14 10:03:53,951 - INFO - Depth image CSV saved at C:\Users\AISMLab\Robot_Project\Code\yolov5_obb\robot_detection/cropped_images/depth/depth_csv306.csv
2024-05-14 10:03:54,062 - INFO - Color image saved at C:\Users\AISMLab\Robot_Project\Code\yolov5_obb\robot_detection/cropped_images/color/color_image304.JPEG
Camera operation ending...

2024-05-14 10:03:54,062 - INFO - YOLO inference beginning...
2024-05-14 10:03:54,078 - INFO - [34m[1myolo_detect: [0mweights=weights\best.pt, source=captured_video2.mp4, imgsz=[840, 840], conf_thres=0.8, iou_thres=0.5, max_det=200, device=cpu, view_img=False, save_txt=True, save_conf=False, save_crop=False, nosave=False, classes=None, agnostic_nms=False, augment=False, visualize=False, update=False, project=runs/detect, name=exp, exist_ok=False, line_thickness=2, hide_labels=False, hide_conf=False, half=False, dnn=False
2024-05-14 10:03:54,528 - INFO - YOLOv5  e71707e torch 2.2.2+cpu CPU

2024-05-14 10:03:54,747 - INFO - Fusing layers... 
2024-05-14 10:03:55,116 - INFO - Model Summary: 213 layers, 7500979 parameters, 0 gradients
2024-05-14 10:03:56,869 - INFO - image 1/1 C:\Users\AISMLab\Robot_Project\Code\yolov5_obb\robot_detection\cropped_images\color\color_image304.JPEG: 864x864 2 boxs, Done. (1.517s)
2024-05-14 10:03:56,937 - INFO - Speed: 14.0ms pre-process, 1517.1ms inference, 47.3ms NMS per image at shape (1, 3, 864, 864)
2024-05-14 10:03:56,946 - INFO - Results saved to [1mruns\detect\exp297[0m
1 labels saved to runs\detect\exp297\labels
2024-05-14 10:03:57,020 - INFO - YOLO inference ending...

2024-05-14 10:03:57,020 - INFO - Post processing beginning...
2024-05-14 10:03:58,331 - INFO - Depth image subtracted saved at C:\Users\AISMLab\Robot_Project\Code\yolov5_obb\robot_detection/output/depth_img_subtracted314.csv

2024-05-14 10:03:58,346 - INFO - ############## Results for BOX_0 ##############
2024-05-14 10:03:58,346 - INFO - X Center: -0.7018072289156627 mm
2024-05-14 10:03:58,348 - INFO - Y Center: -0.11222891566265056 mm
2024-05-14 10:03:58,348 - INFO - Height: 0.047265 mm
2024-05-14 10:03:58,349 - INFO - X Angle: 2.248742309077148 rad
2024-05-14 10:03:58,350 - INFO - Y Angle: -2.258939774085161 rad
2024-05-14 10:03:58,350 - INFO - Box Length: 358.91566265060237 mm
2024-05-14 10:03:58,352 - INFO - Box Area: 47869.83597038756 mm^2

2024-05-14 10:03:58,354 - INFO - ############## Results for BOX_1 ##############
2024-05-14 10:03:58,355 - INFO - X Center: -0.6909638554216867 mm
2024-05-14 10:03:58,355 - INFO - Y Center: 0.137710843373494 mm
2024-05-14 10:03:58,356 - INFO - Height: 0.040490000000000005 mm
2024-05-14 10:03:58,356 - INFO - X Angle: 2.248742309077148 rad
2024-05-14 10:03:58,357 - INFO - Y Angle: -2.258939774085161 rad
2024-05-14 10:03:58,357 - INFO - Box Length: 267.83132530120474 mm
2024-05-14 10:03:58,358 - INFO - Box Area: 49952.15561039334 mm^2

2024-05-14 10:03:58,359 - INFO - BOX_1 is the largest box and base for stacking
2024-05-14 10:03:58,359 - INFO - Box stacking beginning...
2024-05-14 10:04:10,817 - INFO - BOX_0 has been picked up, preparing to stack...

2024-05-14 10:04:13,158 - INFO - Opening real-time monitor socket
2024-05-14 10:04:13,839 - INFO - Box has beeen stacked
2024-05-14 10:04:17,968 - INFO - BOX_0 has been stacked

2024-05-14 10:04:23,808 - INFO - 1 Boxes stacked successfully, awaiting further input...
2024-05-14 10:04:27,709 - INFO - Checking for additional boxes added...

2024-05-14 10:04:29,974 - INFO - Images captured
2024-05-14 10:04:37,847 - INFO - Images cropped
2024-05-14 10:04:39,732 - INFO - Depth image CSV saved at C:\Users\AISMLab\Robot_Project\Code\yolov5_obb\robot_detection/cropped_images/depth/depth_csv307.csv
2024-05-14 10:04:40,100 - INFO - Color image saved at C:\Users\AISMLab\Robot_Project\Code\yolov5_obb\robot_detection/cropped_images/color/color_image305.JPEG
Camera operation ending...

2024-05-14 10:04:40,111 - INFO - YOLO inference beginning...
2024-05-14 10:04:40,131 - INFO - [34m[1myolo_detect: [0mweights=weights\best.pt, source=captured_video2.mp4, imgsz=[840, 840], conf_thres=0.8, iou_thres=0.5, max_det=200, device=cpu, view_img=False, save_txt=True, save_conf=False, save_crop=False, nosave=False, classes=None, agnostic_nms=False, augment=False, visualize=False, update=False, project=runs/detect, name=exp, exist_ok=False, line_thickness=2, hide_labels=False, hide_conf=False, half=False, dnn=False
2024-05-14 10:04:40,516 - INFO - YOLOv5  e71707e torch 2.2.2+cpu CPU

2024-05-14 10:04:40,771 - INFO - Fusing layers... 
2024-05-14 10:04:41,381 - INFO - Model Summary: 213 layers, 7500979 parameters, 0 gradients
2024-05-14 10:04:43,333 - INFO - image 1/1 C:\Users\AISMLab\Robot_Project\Code\yolov5_obb\robot_detection\cropped_images\color\color_image305.JPEG: 864x864 2 boxs, Done. (1.781s)
2024-05-14 10:04:43,372 - INFO - Speed: 16.5ms pre-process, 1781.3ms inference, 36.2ms NMS per image at shape (1, 3, 864, 864)
2024-05-14 10:04:43,372 - INFO - Results saved to [1mruns\detect\exp298[0m
1 labels saved to runs\detect\exp298\labels
2024-05-14 10:04:43,382 - INFO - YOLO inference ending...

2024-05-14 10:04:43,385 - INFO - Post processing beginning...
2024-05-14 10:04:44,980 - INFO - Depth image subtracted saved at C:\Users\AISMLab\Robot_Project\Code\yolov5_obb\robot_detection/output/depth_img_subtracted315.csv

2024-05-14 10:04:44,980 - INFO - ############## Results for BOX_0 ##############
2024-05-14 10:04:44,986 - INFO - X Center: -0.6104518072289157 mm
2024-05-14 10:04:44,991 - INFO - Y Center: -0.3122891566265059 mm
2024-05-14 10:04:44,994 - INFO - Height: 0.059837 mm
2024-05-14 10:04:44,994 - INFO - X Angle: 3.1158061227632565 rad
2024-05-14 10:04:44,995 - INFO - Y Angle: -0.29949270876682177 rad
2024-05-14 10:04:45,000 - INFO - Box Length: 149.878016883196 mm
2024-05-14 10:04:45,003 - INFO - Box Area: 12144.708956307157 mm^2

2024-05-14 10:04:45,005 - INFO - ############## Results for BOX_1 ##############
2024-05-14 10:04:45,007 - INFO - X Center: -0.7961445783132529 mm
2024-05-14 10:04:45,010 - INFO - Y Center: -0.18379518072289153 mm
2024-05-14 10:04:45,018 - INFO - Height: 0.059040999999999996 mm
2024-05-14 10:04:45,019 - INFO - X Angle: 3.078643202941109 rad
2024-05-14 10:04:45,021 - INFO - Y Angle: -0.4568187527023524 rad
2024-05-14 10:04:45,025 - INFO - Box Length: 153.23340406501737 mm
2024-05-14 10:04:45,027 - INFO - Box Area: 12218.78356800697 mm^2

2024-05-14 10:04:45,029 - INFO - PREREAL[[-0.6104518072289157, -0.3122891566265059, 0.059837, 3.1158061227632565, -0.29949270876682177, 0.0, 149.878016883196, 12144.708956307157], [-0.7961445783132529, -0.18379518072289153, 0.059040999999999996, 3.078643202941109, -0.4568187527023524, 0.0, 153.23340406501737, 12218.78356800697]]
2024-05-14 10:04:45,031 - INFO - REAL [[-0.6104518072289157, -0.3122891566265059, 0.059837, 3.1158061227632565, -0.29949270876682177, 0.0, 149.878016883196, 12144.708956307157], [-0.7961445783132529, -0.18379518072289153, 0.059040999999999996, 3.078643202941109, -0.4568187527023524, 0.0, 153.23340406501737, 12218.78356800697]]
2024-05-14 10:04:45,157 - INFO - BOX_1 is outside valid range and will be ignored.
2024-05-14 10:04:45,160 - INFO - Box stacking beginning...
2024-05-14 10:04:51,508 - INFO - BOX_0 has been picked up, preparing to stack...

2024-05-14 10:04:55,266 - INFO - Box has beeen stacked
2024-05-14 10:04:57,945 - INFO - BOX_0 has been stacked

2024-05-14 10:04:59,769 - INFO - 1 Boxes stacked successfully, awaiting further input...
2024-05-14 10:05:02,689 - INFO - Closing sockets to robot
2024-05-14 10:05:02,702 - INFO - Robot connection closed.

2024-05-14 10:05:02,703 - INFO - End of log
#########################################

2024-05-14 10:07:14,179 - INFO - Beginning of log
2024-05-14 10:07:14,661 - INFO - Remove 79 bytes of garbage at begining of packet
2024-05-14 10:07:14,764 - INFO - Robot is Online
2024-05-14 10:07:15,062 - INFO - MOVE TO STARTING POSITION

2024-05-14 10:07:18,281 - INFO - Camera operation beginning...
2024-05-14 10:07:21,503 - INFO - Images captured
2024-05-14 10:07:29,257 - INFO - Images cropped
2024-05-14 10:07:29,831 - INFO - Depth image CSV saved at C:\Users\AISMLab\Robot_Project\Code\yolov5_obb\robot_detection/cropped_images/depth/depth_csv308.csv
2024-05-14 10:07:29,908 - INFO - Color image saved at C:\Users\AISMLab\Robot_Project\Code\yolov5_obb\robot_detection/cropped_images/color/color_image306.JPEG
Camera operation ending...

2024-05-14 10:07:29,909 - INFO - YOLO inference beginning...
2024-05-14 10:07:29,913 - INFO - [34m[1myolo_detect: [0mweights=weights\best.pt, source=captured_video2.mp4, imgsz=[840, 840], conf_thres=0.8, iou_thres=0.5, max_det=200, device=cpu, view_img=False, save_txt=True, save_conf=False, save_crop=False, nosave=False, classes=None, agnostic_nms=False, augment=False, visualize=False, update=False, project=runs/detect, name=exp, exist_ok=False, line_thickness=2, hide_labels=False, hide_conf=False, half=False, dnn=False
2024-05-14 10:07:30,196 - INFO - YOLOv5  e71707e torch 2.2.2+cpu CPU

2024-05-14 10:07:30,341 - INFO - Fusing layers... 
2024-05-14 10:07:30,615 - INFO - Model Summary: 213 layers, 7500979 parameters, 0 gradients
2024-05-14 10:07:31,698 - INFO - image 1/1 C:\Users\AISMLab\Robot_Project\Code\yolov5_obb\robot_detection\cropped_images\color\color_image306.JPEG: 864x864 2 boxs, Done. (0.927s)
2024-05-14 10:07:31,756 - INFO - Speed: 17.2ms pre-process, 927.4ms inference, 37.4ms NMS per image at shape (1, 3, 864, 864)
2024-05-14 10:07:31,756 - INFO - Results saved to [1mruns\detect\exp299[0m
1 labels saved to runs\detect\exp299\labels
2024-05-14 10:07:31,756 - INFO - YOLO inference ending...

2024-05-14 10:07:31,765 - INFO - Post processing beginning...
2024-05-14 10:07:32,361 - INFO - Depth image subtracted saved at C:\Users\AISMLab\Robot_Project\Code\yolov5_obb\robot_detection/output/depth_img_subtracted316.csv

2024-05-14 10:07:32,387 - INFO - ############## Results for BOX_0 ##############
2024-05-14 10:07:32,389 - INFO - X Center: -0.7183433734939759 mm
2024-05-14 10:07:32,391 - INFO - Y Center: -0.18298192771084335 mm
2024-05-14 10:07:32,391 - INFO - Height: 0.045592 mm
2024-05-14 10:07:32,391 - INFO - X Angle: 2.340906000561925 rad
2024-05-14 10:07:32,398 - INFO - Y Angle: 2.110072303826508 rad
2024-05-14 10:07:32,402 - INFO - Box Length: 353.974283789055 mm
2024-05-14 10:07:32,403 - INFO - Box Area: 48164.95862969952 mm^2

2024-05-14 10:07:32,416 - INFO - ############## Results for BOX_1 ##############
2024-05-14 10:07:32,419 - INFO - X Center: -0.6904216867469879 mm
2024-05-14 10:07:32,419 - INFO - Y Center: 0.137710843373494 mm
2024-05-14 10:07:32,436 - INFO - Height: 0.04 mm
2024-05-14 10:07:32,436 - INFO - X Angle: 2.248742309077148 rad
2024-05-14 10:07:32,436 - INFO - Y Angle: -2.258939774085161 rad
2024-05-14 10:07:32,436 - INFO - Box Length: 268.91566265060237 mm
2024-05-14 10:07:32,436 - INFO - Box Area: 50154.39105820871 mm^2

2024-05-14 10:07:32,436 - INFO - BOX_1 is the largest box and base for stacking
2024-05-14 10:07:32,436 - INFO - Box stacking beginning...
2024-05-14 10:07:44,128 - INFO - BOX_0 has been picked up, preparing to stack...

2024-05-14 10:07:47,377 - INFO - Opening real-time monitor socket
2024-05-14 10:07:47,902 - INFO - Box has beeen stacked
2024-05-14 10:07:51,087 - INFO - BOX_0 has been stacked

2024-05-14 10:07:52,812 - INFO - 1 Boxes stacked successfully, awaiting further input...
2024-05-14 10:07:56,517 - INFO - Checking for additional boxes added...

2024-05-14 10:07:58,535 - INFO - Images captured
2024-05-14 10:08:05,157 - INFO - Images cropped
2024-05-14 10:08:05,956 - INFO - Depth image CSV saved at C:\Users\AISMLab\Robot_Project\Code\yolov5_obb\robot_detection/cropped_images/depth/depth_csv309.csv
2024-05-14 10:08:06,115 - INFO - Color image saved at C:\Users\AISMLab\Robot_Project\Code\yolov5_obb\robot_detection/cropped_images/color/color_image307.JPEG
Camera operation ending...

2024-05-14 10:08:06,117 - INFO - YOLO inference beginning...
2024-05-14 10:08:06,121 - INFO - [34m[1myolo_detect: [0mweights=weights\best.pt, source=captured_video2.mp4, imgsz=[840, 840], conf_thres=0.8, iou_thres=0.5, max_det=200, device=cpu, view_img=False, save_txt=True, save_conf=False, save_crop=False, nosave=False, classes=None, agnostic_nms=False, augment=False, visualize=False, update=False, project=runs/detect, name=exp, exist_ok=False, line_thickness=2, hide_labels=False, hide_conf=False, half=False, dnn=False
2024-05-14 10:08:06,403 - INFO - YOLOv5  e71707e torch 2.2.2+cpu CPU

2024-05-14 10:08:06,600 - INFO - Fusing layers... 
2024-05-14 10:08:06,949 - INFO - Model Summary: 213 layers, 7500979 parameters, 0 gradients
2024-05-14 10:08:08,174 - INFO - image 1/1 C:\Users\AISMLab\Robot_Project\Code\yolov5_obb\robot_detection\cropped_images\color\color_image307.JPEG: 864x864 3 boxs, Done. (1.075s)
2024-05-14 10:08:08,220 - INFO - Speed: 5.0ms pre-process, 1075.3ms inference, 59.3ms NMS per image at shape (1, 3, 864, 864)
2024-05-14 10:08:08,229 - INFO - Results saved to [1mruns\detect\exp300[0m
1 labels saved to runs\detect\exp300\labels
2024-05-14 10:08:08,237 - INFO - YOLO inference ending...

2024-05-14 10:08:08,245 - INFO - Post processing beginning...
2024-05-14 10:08:09,072 - INFO - Depth image subtracted saved at C:\Users\AISMLab\Robot_Project\Code\yolov5_obb\robot_detection/output/depth_img_subtracted317.csv

2024-05-14 10:08:09,074 - INFO - ############## Results for BOX_0 ##############
2024-05-14 10:08:09,075 - INFO - X Center: -0.701265060240964 mm
2024-05-14 10:08:09,076 - INFO - Y Center: 0.1246987951807229 mm
2024-05-14 10:08:09,077 - INFO - Height: 0.046 mm
2024-05-14 10:08:09,078 - INFO - X Angle: 2.248742309077148 rad
2024-05-14 10:08:09,088 - INFO - Y Angle: -2.258939774085161 rad
2024-05-14 10:08:09,088 - INFO - Box Length: 381.6867469879518 mm
2024-05-14 10:08:09,088 - INFO - Box Area: 66220.3512846567 mm^2

2024-05-14 10:08:09,095 - INFO - ############## Results for BOX_1 ##############
2024-05-14 10:08:09,096 - INFO - X Center: -0.5372590361445784 mm
2024-05-14 10:08:09,097 - INFO - Y Center: -0.28355421686746984 mm
2024-05-14 10:08:09,098 - INFO - Height: 0.060673000000000005 mm
2024-05-14 10:08:09,100 - INFO - X Angle: 2.72502963684909 rad
2024-05-14 10:08:09,104 - INFO - Y Angle: -1.554651821034151 rad
2024-05-14 10:08:09,106 - INFO - Box Length: 150.8164743713075 mm
2024-05-14 10:08:09,109 - INFO - Box Area: 12469.814196545223 mm^2

2024-05-14 10:08:09,111 - INFO - ############## Results for BOX_2 ##############
2024-05-14 10:08:09,112 - INFO - X Center: -0.5931024096385543 mm
2024-05-14 10:08:09,113 - INFO - Y Center: -0.14828313253012043 mm
2024-05-14 10:08:09,115 - INFO - Height: 0.057816 mm
2024-05-14 10:08:09,117 - INFO - X Angle: 2.791407426712496 rad
2024-05-14 10:08:09,118 - INFO - Y Angle: -1.4384001858045354 rad
2024-05-14 10:08:09,119 - INFO - Box Length: 150.64095892174484 mm
2024-05-14 10:08:09,122 - INFO - Box Area: 12267.578748729851 mm^2

2024-05-14 10:08:09,125 - INFO - PREREAL[[-0.701265060240964, 0.1246987951807229, 0.046, 2.248742309077148, -2.258939774085161, 0.0, 381.6867469879518, 66220.3512846567], [-0.5372590361445784, -0.28355421686746984, 0.060673000000000005, 2.72502963684909, -1.554651821034151, 0.0, 150.8164743713075, 12469.814196545223], [-0.5931024096385543, -0.14828313253012043, 0.057816, 2.791407426712496, -1.4384001858045354, 0.0, 150.64095892174484, 12267.578748729851]]
2024-05-14 10:08:09,126 - INFO - REAL [[-0.5372590361445784, -0.28355421686746984, 0.060673000000000005, 2.72502963684909, -1.554651821034151, 0.0, 150.8164743713075, 12469.814196545223], [-0.5931024096385543, -0.14828313253012043, 0.057816, 2.791407426712496, -1.4384001858045354, 0.0, 150.64095892174484, 12267.578748729851]]
2024-05-14 10:08:09,204 - INFO - Box stacking beginning...
2024-05-14 10:08:12,333 - INFO - BOX_0 has been picked up, preparing to stack...

2024-05-14 10:08:17,795 - INFO - Keyboard Interrupt.
2024-05-14 10:15:50,887 - INFO - Beginning of log
2024-05-14 10:15:51,470 - INFO - Remove 79 bytes of garbage at begining of packet
2024-05-14 10:15:51,571 - INFO - Robot is Online
2024-05-14 10:15:51,870 - INFO - MOVE TO STARTING POSITION

2024-05-14 10:15:59,999 - INFO - Camera operation beginning...
2024-05-14 10:16:03,204 - INFO - Images captured
2024-05-14 10:16:09,342 - INFO - Images cropped
2024-05-14 10:16:09,920 - INFO - Depth image CSV saved at C:\Users\AISMLab\Robot_Project\Code\yolov5_obb\robot_detection/cropped_images/depth/depth_csv310.csv
2024-05-14 10:16:10,010 - INFO - Color image saved at C:\Users\AISMLab\Robot_Project\Code\yolov5_obb\robot_detection/cropped_images/color/color_image308.JPEG
Camera operation ending...

2024-05-14 10:16:10,010 - INFO - YOLO inference beginning...
2024-05-14 10:16:10,027 - INFO - [34m[1myolo_detect: [0mweights=weights\best.pt, source=captured_video2.mp4, imgsz=[840, 840], conf_thres=0.8, iou_thres=0.5, max_det=200, device=cpu, view_img=False, save_txt=True, save_conf=False, save_crop=False, nosave=False, classes=None, agnostic_nms=False, augment=False, visualize=False, update=False, project=runs/detect, name=exp, exist_ok=False, line_thickness=2, hide_labels=False, hide_conf=False, half=False, dnn=False
2024-05-14 10:16:10,299 - INFO - YOLOv5  e71707e torch 2.2.2+cpu CPU

2024-05-14 10:16:10,426 - INFO - Fusing layers... 
2024-05-14 10:16:10,638 - INFO - Model Summary: 213 layers, 7500979 parameters, 0 gradients
2024-05-14 10:16:11,691 - INFO - image 1/1 C:\Users\AISMLab\Robot_Project\Code\yolov5_obb\robot_detection\cropped_images\color\color_image308.JPEG: 864x864 2 boxs, Done. (0.915s)
2024-05-14 10:16:11,733 - INFO - Speed: 7.5ms pre-process, 915.2ms inference, 41.5ms NMS per image at shape (1, 3, 864, 864)
2024-05-14 10:16:11,737 - INFO - Results saved to [1mruns\detect\exp301[0m
1 labels saved to runs\detect\exp301\labels
2024-05-14 10:16:11,740 - INFO - YOLO inference ending...

2024-05-14 10:16:11,744 - INFO - Post processing beginning...
2024-05-14 10:16:12,503 - INFO - Depth image subtracted saved at C:\Users\AISMLab\Robot_Project\Code\yolov5_obb\robot_detection/output/depth_img_subtracted318.csv

2024-05-14 10:16:12,505 - INFO - ############## Results for BOX_0 ##############
2024-05-14 10:16:12,506 - INFO - X Center: -0.6833734939759036 mm
2024-05-14 10:16:12,506 - INFO - Y Center: -0.1696987951807228 mm
2024-05-14 10:16:12,507 - INFO - Height: 0.045857 mm
2024-05-14 10:16:12,507 - INFO - X Angle: 2.2884443153204703 rad
2024-05-14 10:16:12,508 - INFO - Y Angle: 2.1855540021778985 rad
2024-05-14 10:16:12,508 - INFO - Box Length: 365.4795992864124 mm
2024-05-14 10:16:12,508 - INFO - Box Area: 47959.19581942226 mm^2

2024-05-14 10:16:12,510 - INFO - ############## Results for BOX_1 ##############
2024-05-14 10:16:12,510 - INFO - X Center: -0.693132530120482 mm
2024-05-14 10:16:12,510 - INFO - Y Center: 0.1360843373493976 mm
2024-05-14 10:16:12,511 - INFO - Height: 0.040917999999999996 mm
2024-05-14 10:16:12,511 - INFO - X Angle: 2.248742309077148 rad
2024-05-14 10:16:12,511 - INFO - Y Angle: -2.258939774085161 rad
2024-05-14 10:16:12,512 - INFO - Box Length: 270.0 mm
2024-05-14 10:16:12,512 - INFO - Box Area: 50649.39759036146 mm^2

2024-05-14 10:16:12,513 - INFO - BOX_1 is the largest box and base for stacking
2024-05-14 10:16:12,513 - INFO - Box stacking beginning...
2024-05-14 10:16:24,854 - INFO - BOX_0 has been picked up, preparing to stack...

2024-05-14 10:16:28,398 - INFO - Opening real-time monitor socket
2024-05-14 10:16:28,935 - INFO - Box has beeen stacked
2024-05-14 10:16:33,107 - INFO - BOX_0 has been stacked

2024-05-14 10:16:38,940 - INFO - 1 Boxes stacked successfully, awaiting further input...
2024-05-14 10:16:42,813 - INFO - Checking for additional boxes added...

2024-05-14 10:16:44,951 - INFO - Images captured
2024-05-14 10:16:51,627 - INFO - Images cropped
2024-05-14 10:16:52,338 - INFO - Depth image CSV saved at C:\Users\AISMLab\Robot_Project\Code\yolov5_obb\robot_detection/cropped_images/depth/depth_csv311.csv
2024-05-14 10:16:52,551 - INFO - Color image saved at C:\Users\AISMLab\Robot_Project\Code\yolov5_obb\robot_detection/cropped_images/color/color_image309.JPEG
Camera operation ending...

2024-05-14 10:16:52,551 - INFO - YOLO inference beginning...
2024-05-14 10:16:52,551 - INFO - [34m[1myolo_detect: [0mweights=weights\best.pt, source=captured_video2.mp4, imgsz=[840, 840], conf_thres=0.8, iou_thres=0.5, max_det=200, device=cpu, view_img=False, save_txt=True, save_conf=False, save_crop=False, nosave=False, classes=None, agnostic_nms=False, augment=False, visualize=False, update=False, project=runs/detect, name=exp, exist_ok=False, line_thickness=2, hide_labels=False, hide_conf=False, half=False, dnn=False
2024-05-14 10:16:52,859 - INFO - YOLOv5  e71707e torch 2.2.2+cpu CPU

2024-05-14 10:16:53,219 - INFO - Fusing layers... 
2024-05-14 10:16:53,538 - INFO - Model Summary: 213 layers, 7500979 parameters, 0 gradients
2024-05-14 10:16:54,660 - INFO - image 1/1 C:\Users\AISMLab\Robot_Project\Code\yolov5_obb\robot_detection\cropped_images\color\color_image309.JPEG: 864x864 3 boxs, Done. (1.009s)
2024-05-14 10:16:54,701 - INFO - Speed: 13.4ms pre-process, 1009.4ms inference, 16.8ms NMS per image at shape (1, 3, 864, 864)
2024-05-14 10:16:54,704 - INFO - Results saved to [1mruns\detect\exp302[0m
1 labels saved to runs\detect\exp302\labels
2024-05-14 10:16:54,709 - INFO - YOLO inference ending...

2024-05-14 10:16:54,718 - INFO - Post processing beginning...
2024-05-14 10:16:55,779 - INFO - Depth image subtracted saved at C:\Users\AISMLab\Robot_Project\Code\yolov5_obb\robot_detection/output/depth_img_subtracted319.csv

2024-05-14 10:16:55,779 - INFO - ############## Results for BOX_0 ##############
2024-05-14 10:16:55,779 - INFO - X Center: -0.7018072289156627 mm
2024-05-14 10:16:55,779 - INFO - Y Center: 0.13391566265060242 mm
2024-05-14 10:16:55,779 - INFO - Height: 0.046 mm
2024-05-14 10:16:55,779 - INFO - X Angle: 2.414186945749776 rad
2024-05-14 10:16:55,794 - INFO - Y Angle: -1.9958515080825079 rad
2024-05-14 10:16:55,797 - INFO - Box Length: 373.3476005437303 mm
2024-05-14 10:16:55,797 - INFO - Box Area: 63811.162723181886 mm^2

2024-05-14 10:16:55,800 - INFO - ############## Results for BOX_1 ##############
2024-05-14 10:16:55,803 - INFO - X Center: -0.5077108433734939 mm
2024-05-14 10:16:55,807 - INFO - Y Center: -0.33912650602409633 mm
2024-05-14 10:16:55,811 - INFO - Height: 0.054 mm
2024-05-14 10:16:55,814 - INFO - X Angle: 2.87489224438432 rad
2024-05-14 10:16:55,814 - INFO - Y Angle: -1.2554547440755803 rad
2024-05-14 10:16:55,819 - INFO - Box Length: 154.43720141161563 mm
2024-05-14 10:16:55,820 - INFO - Box Area: 12730.839018725506 mm^2

2024-05-14 10:16:55,827 - INFO - ############## Results for BOX_2 ##############
2024-05-14 10:16:55,828 - INFO - X Center: -0.6334939759036144 mm
2024-05-14 10:16:55,871 - INFO - Y Center: -0.0417469879518072 mm
2024-05-14 10:16:55,871 - INFO - Height: 0.054183999999999996 mm
2024-05-14 10:16:55,877 - INFO - X Angle: 2.8544553304877667 rad
2024-05-14 10:16:55,880 - INFO - Y Angle: -1.3117284242489098 rad
2024-05-14 10:16:55,884 - INFO - Box Length: 145.98338332593534 mm
2024-05-14 10:16:55,887 - INFO - Box Area: 11620.30773697199 mm^2

2024-05-14 10:16:55,890 - INFO - PREREAL[[-0.7018072289156627, 0.13391566265060242, 0.046, 2.414186945749776, -1.9958515080825079, 0.0, 373.3476005437303, 63811.162723181886], [-0.5077108433734939, -0.33912650602409633, 0.054, 2.87489224438432, -1.2554547440755803, 0.0, 154.43720141161563, 12730.839018725506], [-0.6334939759036144, -0.0417469879518072, 0.054183999999999996, 2.8544553304877667, -1.3117284242489098, 0.0, 145.98338332593534, 11620.30773697199]]
2024-05-14 10:16:55,895 - INFO - REAL [[-0.5077108433734939, -0.33912650602409633, 0.054, 2.87489224438432, -1.2554547440755803, 0.0, 154.43720141161563, 12730.839018725506], [-0.6334939759036144, -0.0417469879518072, 0.054183999999999996, 2.8544553304877667, -1.3117284242489098, 0.0, 145.98338332593534, 11620.30773697199]]
2024-05-14 10:16:55,980 - INFO - Box stacking beginning...
2024-05-14 10:17:01,982 - INFO - BOX_0 has been picked up, preparing to stack...

2024-05-14 10:17:05,639 - INFO - Box has beeen stacked
2024-05-14 10:17:08,331 - INFO - BOX_0 has been stacked

2024-05-14 10:17:14,773 - INFO - BOX_1 has been picked up, preparing to stack...

2024-05-14 10:17:25,947 - INFO - Keyboard Interrupt.
2024-05-14 10:18:24,939 - INFO - Beginning of log
2024-05-14 10:18:24,979 - INFO - Remove 79 bytes of garbage at begining of packet
2024-05-14 10:18:25,081 - INFO - Robot is Online
2024-05-14 10:18:25,379 - INFO - MOVE TO STARTING POSITION

2024-05-14 10:18:29,908 - INFO - Camera operation beginning...
2024-05-14 10:18:32,829 - INFO - Images captured
2024-05-14 10:18:38,069 - INFO - Images cropped
2024-05-14 10:18:38,536 - INFO - Depth image CSV saved at C:\Users\AISMLab\Robot_Project\Code\yolov5_obb\robot_detection/cropped_images/depth/depth_csv312.csv
2024-05-14 10:18:38,558 - INFO - Color image saved at C:\Users\AISMLab\Robot_Project\Code\yolov5_obb\robot_detection/cropped_images/color/color_image310.JPEG
Camera operation ending...

2024-05-14 10:18:38,558 - INFO - YOLO inference beginning...
2024-05-14 10:18:38,568 - INFO - [34m[1myolo_detect: [0mweights=weights\best.pt, source=captured_video2.mp4, imgsz=[840, 840], conf_thres=0.8, iou_thres=0.5, max_det=200, device=cpu, view_img=False, save_txt=True, save_conf=False, save_crop=False, nosave=False, classes=None, agnostic_nms=False, augment=False, visualize=False, update=False, project=runs/detect, name=exp, exist_ok=False, line_thickness=2, hide_labels=False, hide_conf=False, half=False, dnn=False
2024-05-14 10:18:38,783 - INFO - YOLOv5  e71707e torch 2.2.2+cpu CPU

2024-05-14 10:18:38,854 - INFO - Fusing layers... 
2024-05-14 10:18:39,005 - INFO - Model Summary: 213 layers, 7500979 parameters, 0 gradients
2024-05-14 10:18:39,739 - INFO - image 1/1 C:\Users\AISMLab\Robot_Project\Code\yolov5_obb\robot_detection\cropped_images\color\color_image310.JPEG: 864x864 2 boxs, Done. (0.652s)
2024-05-14 10:18:39,762 - INFO - Speed: 11.2ms pre-process, 651.6ms inference, 15.6ms NMS per image at shape (1, 3, 864, 864)
2024-05-14 10:18:39,769 - INFO - Results saved to [1mruns\detect\exp303[0m
1 labels saved to runs\detect\exp303\labels
2024-05-14 10:18:39,771 - INFO - YOLO inference ending...

2024-05-14 10:18:39,773 - INFO - Post processing beginning...
2024-05-14 10:18:40,539 - INFO - Depth image subtracted saved at C:\Users\AISMLab\Robot_Project\Code\yolov5_obb\robot_detection/output/depth_img_subtracted320.csv

2024-05-14 10:18:40,539 - INFO - ############## Results for BOX_0 ##############
2024-05-14 10:18:40,539 - INFO - X Center: -0.7267469879518073 mm
2024-05-14 10:18:40,539 - INFO - Y Center: 0.15560240963855423 mm
2024-05-14 10:18:40,539 - INFO - Height: 0.046 mm
2024-05-14 10:18:40,539 - INFO - X Angle: 2.28798322025917 rad
2024-05-14 10:18:40,539 - INFO - Y Angle: 2.1843371385695254 rad
2024-05-14 10:18:40,539 - INFO - Box Length: 354.6379965244755 mm
2024-05-14 10:18:40,539 - INFO - Box Area: 47305.45797648425 mm^2

2024-05-14 10:18:40,539 - INFO - ############## Results for BOX_1 ##############
2024-05-14 10:18:40,539 - INFO - X Center: -0.7440963855421687 mm
2024-05-14 10:18:40,539 - INFO - Y Center: -0.07021084337349394 mm
2024-05-14 10:18:40,539 - INFO - Height: 0.040837000000000005 mm
2024-05-14 10:18:40,539 - INFO - X Angle: 2.289001606628239 rad
2024-05-14 10:18:40,539 - INFO - Y Angle: 2.180650348300432 rad
2024-05-14 10:18:40,539 - INFO - Box Length: 271.13854879626473 mm
2024-05-14 10:18:40,539 - INFO - Box Area: 52191.44287995354 mm^2

2024-05-14 10:18:40,539 - INFO - BOX_1 is the largest box and base for stacking
2024-05-14 10:18:40,539 - INFO - Box stacking beginning...
2024-05-14 10:18:52,836 - INFO - BOX_0 has been picked up, preparing to stack...

2024-05-14 10:18:54,965 - INFO - Opening real-time monitor socket
2024-05-14 10:18:55,407 - INFO - Box has beeen stacked
2024-05-14 10:18:59,577 - INFO - BOX_0 has been stacked

2024-05-14 10:19:04,915 - INFO - 1 Boxes stacked successfully, awaiting further input...
2024-05-14 10:19:08,649 - INFO - Checking for additional boxes added...

2024-05-14 10:19:10,646 - INFO - Images captured
2024-05-14 10:19:16,443 - INFO - Images cropped
2024-05-14 10:19:17,100 - INFO - Depth image CSV saved at C:\Users\AISMLab\Robot_Project\Code\yolov5_obb\robot_detection/cropped_images/depth/depth_csv313.csv
2024-05-14 10:19:17,312 - INFO - Color image saved at C:\Users\AISMLab\Robot_Project\Code\yolov5_obb\robot_detection/cropped_images/color/color_image311.JPEG
Camera operation ending...

2024-05-14 10:19:17,312 - INFO - YOLO inference beginning...
2024-05-14 10:19:17,312 - INFO - [34m[1myolo_detect: [0mweights=weights\best.pt, source=captured_video2.mp4, imgsz=[840, 840], conf_thres=0.8, iou_thres=0.5, max_det=200, device=cpu, view_img=False, save_txt=True, save_conf=False, save_crop=False, nosave=False, classes=None, agnostic_nms=False, augment=False, visualize=False, update=False, project=runs/detect, name=exp, exist_ok=False, line_thickness=2, hide_labels=False, hide_conf=False, half=False, dnn=False
2024-05-14 10:19:17,566 - INFO - YOLOv5  e71707e torch 2.2.2+cpu CPU

2024-05-14 10:19:17,720 - INFO - Fusing layers... 
2024-05-14 10:19:17,996 - INFO - Model Summary: 213 layers, 7500979 parameters, 0 gradients
2024-05-14 10:19:19,148 - INFO - image 1/1 C:\Users\AISMLab\Robot_Project\Code\yolov5_obb\robot_detection\cropped_images\color\color_image311.JPEG: 864x864 3 boxs, Done. (1.019s)
2024-05-14 10:19:19,183 - INFO - Speed: 0.0ms pre-process, 1018.9ms inference, 12.0ms NMS per image at shape (1, 3, 864, 864)
2024-05-14 10:19:19,194 - INFO - Results saved to [1mruns\detect\exp304[0m
1 labels saved to runs\detect\exp304\labels
2024-05-14 10:19:19,197 - INFO - YOLO inference ending...

2024-05-14 10:19:19,201 - INFO - Post processing beginning...
2024-05-14 10:19:20,225 - INFO - Depth image subtracted saved at C:\Users\AISMLab\Robot_Project\Code\yolov5_obb\robot_detection/output/depth_img_subtracted321.csv

2024-05-14 10:19:20,225 - INFO - ############## Results for BOX_0 ##############
2024-05-14 10:19:20,240 - INFO - X Center: -0.38572289156626516 mm
2024-05-14 10:19:20,240 - INFO - Y Center: -0.19138554216867468 mm
2024-05-14 10:19:20,243 - INFO - Height: 0.054 mm
2024-05-14 10:19:20,244 - INFO - X Angle: 2.5382735183855516 rad
2024-05-14 10:19:20,245 - INFO - Y Angle: 1.8355408181983983 rad
2024-05-14 10:19:20,246 - INFO - Box Length: 99.3160673352901 mm
2024-05-14 10:19:20,248 - INFO - Box Area: 3506.198287124407 mm^2

2024-05-14 10:19:20,252 - INFO - ############## Results for BOX_1 ##############
2024-05-14 10:19:20,254 - INFO - X Center: -0.48277108433734944 mm
2024-05-14 10:19:20,256 - INFO - Y Center: 0.12280120481927713 mm
2024-05-14 10:19:20,259 - INFO - Height: 0.050857 mm
2024-05-14 10:19:20,261 - INFO - X Angle: 2.921647415212862 rad
2024-05-14 10:19:20,261 - INFO - Y Angle: 1.0880674740257923 rad
2024-05-14 10:19:20,261 - INFO - Box Length: 171.10898346148346 mm
2024-05-14 10:19:20,261 - INFO - Box Area: 13814.915082014806 mm^2

2024-05-14 10:19:20,261 - INFO - ############## Results for BOX_2 ##############
2024-05-14 10:19:20,261 - INFO - X Center: -0.7500602409638555 mm
2024-05-14 10:19:20,261 - INFO - Y Center: -0.08512048192771081 mm
2024-05-14 10:19:20,261 - INFO - Height: 0.046 mm
2024-05-14 10:19:20,261 - INFO - X Angle: 2.248742309077148 rad
2024-05-14 10:19:20,261 - INFO - Y Angle: -2.258939774085161 rad
2024-05-14 10:19:20,261 - INFO - Box Length: 366.50602409638554 mm
2024-05-14 10:19:20,261 - INFO - Box Area: 59215.009435331674 mm^2

2024-05-14 10:19:20,261 - INFO - PREREAL[[-0.38572289156626516, -0.19138554216867468, 0.054, 2.5382735183855516, 1.8355408181983983, 0.0, 99.3160673352901, 3506.198287124407], [-0.48277108433734944, 0.12280120481927713, 0.050857, 2.921647415212862, 1.0880674740257923, 0.0, 171.10898346148346, 13814.915082014806], [-0.7500602409638555, -0.08512048192771081, 0.046, 2.248742309077148, -2.258939774085161, 0.0, 366.50602409638554, 59215.009435331674]]
2024-05-14 10:19:20,261 - INFO - REAL [[-0.38572289156626516, -0.19138554216867468, 0.054, 2.5382735183855516, 1.8355408181983983, 0.0, 99.3160673352901, 3506.198287124407], [-0.48277108433734944, 0.12280120481927713, 0.050857, 2.921647415212862, 1.0880674740257923, 0.0, 171.10898346148346, 13814.915082014806]]
2024-05-14 10:19:20,322 - INFO - Box stacking beginning...
2024-05-14 10:19:22,832 - ERROR - Robot not running: {'size': 47, 'type': 0, 'timestamp': 1172441000, 'isPhysicalRobotConnected': True, 'isRealRobotEnabled': True, 'isPowerOnRobot': True, 'isEmergencyStopped': False, 'isSecurityStopped': True, 'isProgramRunning': True, 'isProgramPaused': False, 'robotMode': 7, 'controlMode': 0, 'speedFraction': 1.0, 'speedScaling': 1.0, 'speedFractionLimit': 63}
2024-05-14 10:19:23,037 - INFO - BOX_0 has been picked up, preparing to stack...

2024-05-14 10:19:23,135 - ERROR - An unexpected error occurred: Robot stopped
2024-05-14 10:19:23,135 - ERROR - An unexpected error occurred: Robot stopped
2024-05-14 10:19:33,710 - INFO - Closing sockets to robot
2024-05-14 10:19:33,710 - INFO - Robot connection closed.

2024-05-14 10:19:33,710 - INFO - End of log
#########################################

2024-05-14 10:21:11,261 - INFO - Beginning of log
2024-05-14 10:21:11,339 - INFO - Remove 79 bytes of garbage at begining of packet
2024-05-14 10:21:11,450 - INFO - Robot is Online
2024-05-14 10:21:11,750 - INFO - MOVE TO STARTING POSITION

2024-05-14 10:21:16,878 - INFO - Keyboard Interrupt.
2024-05-14 10:21:44,779 - INFO - Beginning of log
2024-05-14 10:21:45,127 - INFO - Remove 79 bytes of garbage at begining of packet
2024-05-14 10:21:45,234 - INFO - Robot is Online
2024-05-14 10:21:45,531 - INFO - MOVE TO STARTING POSITION

2024-05-14 10:21:48,253 - INFO - Camera operation beginning...
2024-05-14 10:21:51,308 - INFO - Images captured
2024-05-14 10:21:56,816 - INFO - Images cropped
2024-05-14 10:21:57,254 - INFO - Depth image CSV saved at C:\Users\AISMLab\Robot_Project\Code\yolov5_obb\robot_detection/cropped_images/depth/depth_csv314.csv
2024-05-14 10:21:57,285 - INFO - Color image saved at C:\Users\AISMLab\Robot_Project\Code\yolov5_obb\robot_detection/cropped_images/color/color_image312.JPEG
Camera operation ending...

2024-05-14 10:21:57,285 - INFO - YOLO inference beginning...
2024-05-14 10:21:57,301 - INFO - [34m[1myolo_detect: [0mweights=weights\best.pt, source=captured_video2.mp4, imgsz=[840, 840], conf_thres=0.8, iou_thres=0.5, max_det=200, device=cpu, view_img=False, save_txt=True, save_conf=False, save_crop=False, nosave=False, classes=None, agnostic_nms=False, augment=False, visualize=False, update=False, project=runs/detect, name=exp, exist_ok=False, line_thickness=2, hide_labels=False, hide_conf=False, half=False, dnn=False
2024-05-14 10:21:57,568 - INFO - YOLOv5  e71707e torch 2.2.2+cpu CPU

2024-05-14 10:21:57,658 - INFO - Fusing layers... 
2024-05-14 10:21:57,816 - INFO - Model Summary: 213 layers, 7500979 parameters, 0 gradients
2024-05-14 10:21:58,680 - INFO - image 1/1 C:\Users\AISMLab\Robot_Project\Code\yolov5_obb\robot_detection\cropped_images\color\color_image312.JPEG: 864x864 2 boxs, Done. (0.752s)
2024-05-14 10:21:58,710 - INFO - Speed: 0.0ms pre-process, 752.5ms inference, 30.1ms NMS per image at shape (1, 3, 864, 864)
2024-05-14 10:21:58,712 - INFO - Results saved to [1mruns\detect\exp305[0m
1 labels saved to runs\detect\exp305\labels
2024-05-14 10:21:58,714 - INFO - YOLO inference ending...

2024-05-14 10:21:58,715 - INFO - Post processing beginning...
2024-05-14 10:21:59,258 - INFO - Depth image subtracted saved at C:\Users\AISMLab\Robot_Project\Code\yolov5_obb\robot_detection/output/depth_img_subtracted322.csv

2024-05-14 10:21:59,271 - INFO - ############## Results for BOX_0 ##############
2024-05-14 10:21:59,271 - INFO - X Center: -0.7270180722891566 mm
2024-05-14 10:21:59,271 - INFO - Y Center: 0.18 mm
2024-05-14 10:21:59,271 - INFO - Height: 0.041612 mm
2024-05-14 10:21:59,271 - INFO - X Angle: 2.3415324776603748 rad
2024-05-14 10:21:59,271 - INFO - Y Angle: 2.1076821078406054 rad
2024-05-14 10:21:59,271 - INFO - Box Length: 367.02536812163964 mm
2024-05-14 10:21:59,271 - INFO - Box Area: 49344.27347946002 mm^2

2024-05-14 10:21:59,285 - INFO - ############## Results for BOX_1 ##############
2024-05-14 10:21:59,287 - INFO - X Center: -0.7432831325301205 mm
2024-05-14 10:21:59,287 - INFO - Y Center: -0.07048192771084337 mm
2024-05-14 10:21:59,288 - INFO - Height: 0.042 mm
2024-05-14 10:21:59,288 - INFO - X Angle: 2.316527269831904 rad
2024-05-14 10:21:59,289 - INFO - Y Angle: 2.1458660489303987 rad
2024-05-14 10:21:59,289 - INFO - Box Length: 273.42722501587315 mm
2024-05-14 10:21:59,290 - INFO - Box Area: 53592.3936710698 mm^2

2024-05-14 10:21:59,291 - INFO - BOX_1 is the largest box and base for stacking
2024-05-14 10:21:59,291 - INFO - BOX_0 is outside valid range and will be ignored.
2024-05-14 10:21:59,291 - INFO - Unable to stack boxes due to boxes being absent or out of robot range

2024-05-14 10:22:04,755 - INFO - Checking for additional boxes added...

2024-05-14 10:22:05,139 - INFO - Keyboard Interrupt.
2024-05-14 10:22:06,148 - INFO - Closing sockets to robot
2024-05-14 10:22:06,148 - INFO - Robot connection closed.

2024-05-14 10:22:06,153 - INFO - End of log
#########################################

2024-05-14 10:22:16,152 - INFO - Beginning of log
2024-05-14 10:22:16,903 - INFO - Remove 79 bytes of garbage at begining of packet
2024-05-14 10:22:17,005 - INFO - Robot is Online
2024-05-14 10:22:17,298 - INFO - MOVE TO STARTING POSITION

2024-05-14 10:22:19,515 - INFO - Camera operation beginning...
2024-05-14 10:22:22,225 - INFO - Images captured
2024-05-14 10:22:27,545 - INFO - Images cropped
2024-05-14 10:22:28,000 - INFO - Depth image CSV saved at C:\Users\AISMLab\Robot_Project\Code\yolov5_obb\robot_detection/cropped_images/depth/depth_csv315.csv
2024-05-14 10:22:28,038 - INFO - Color image saved at C:\Users\AISMLab\Robot_Project\Code\yolov5_obb\robot_detection/cropped_images/color/color_image313.JPEG
Camera operation ending...

2024-05-14 10:22:28,038 - INFO - YOLO inference beginning...
2024-05-14 10:22:28,043 - INFO - [34m[1myolo_detect: [0mweights=weights\best.pt, source=captured_video2.mp4, imgsz=[840, 840], conf_thres=0.8, iou_thres=0.5, max_det=200, device=cpu, view_img=False, save_txt=True, save_conf=False, save_crop=False, nosave=False, classes=None, agnostic_nms=False, augment=False, visualize=False, update=False, project=runs/detect, name=exp, exist_ok=False, line_thickness=2, hide_labels=False, hide_conf=False, half=False, dnn=False
2024-05-14 10:22:28,275 - INFO - YOLOv5  e71707e torch 2.2.2+cpu CPU

2024-05-14 10:22:28,380 - INFO - Fusing layers... 
2024-05-14 10:22:28,533 - INFO - Model Summary: 213 layers, 7500979 parameters, 0 gradients
2024-05-14 10:22:29,253 - INFO - image 1/1 C:\Users\AISMLab\Robot_Project\Code\yolov5_obb\robot_detection\cropped_images\color\color_image313.JPEG: 864x864 2 boxs, Done. (0.666s)
2024-05-14 10:22:29,281 - INFO - Speed: 0.0ms pre-process, 665.7ms inference, 0.0ms NMS per image at shape (1, 3, 864, 864)
2024-05-14 10:22:29,283 - INFO - Results saved to [1mruns\detect\exp306[0m
1 labels saved to runs\detect\exp306\labels
2024-05-14 10:22:29,286 - INFO - YOLO inference ending...

2024-05-14 10:22:29,287 - INFO - Post processing beginning...
2024-05-14 10:22:29,833 - INFO - Depth image subtracted saved at C:\Users\AISMLab\Robot_Project\Code\yolov5_obb\robot_detection/output/depth_img_subtracted323.csv

2024-05-14 10:22:29,833 - INFO - ############## Results for BOX_0 ##############
2024-05-14 10:22:29,833 - INFO - X Center: -0.7278313253012049 mm
2024-05-14 10:22:29,833 - INFO - Y Center: 0.13012048192771083 mm
2024-05-14 10:22:29,833 - INFO - Height: 0.041918 mm
2024-05-14 10:22:29,833 - INFO - X Angle: 2.248742309077148 rad
2024-05-14 10:22:29,833 - INFO - Y Angle: -2.258939774085161 rad
2024-05-14 10:22:29,833 - INFO - Box Length: 363.25301204819266 mm
2024-05-14 10:22:29,833 - INFO - Box Area: 48842.21222238349 mm^2

2024-05-14 10:22:29,833 - INFO - ############## Results for BOX_1 ##############
2024-05-14 10:22:29,833 - INFO - X Center: -0.7413855421686747 mm
2024-05-14 10:22:29,833 - INFO - Y Center: -0.11439759036144576 mm
2024-05-14 10:22:29,833 - INFO - Height: 0.044265 mm
2024-05-14 10:22:29,833 - INFO - X Angle: 2.2885226284382005 rad
2024-05-14 10:22:29,833 - INFO - Y Angle: 2.189446924075946 rad
2024-05-14 10:22:29,833 - INFO - Box Length: 270.03483590047557 mm
2024-05-14 10:22:29,833 - INFO - Box Area: 53005.67571490781 mm^2

2024-05-14 10:22:29,833 - INFO - BOX_1 is the largest box and base for stacking
2024-05-14 10:22:29,833 - INFO - Box stacking beginning...
2024-05-14 10:22:42,535 - INFO - BOX_0 has been picked up, preparing to stack...

2024-05-14 10:22:46,066 - INFO - Opening real-time monitor socket
2024-05-14 10:22:46,600 - INFO - Box has beeen stacked
2024-05-14 10:22:50,283 - INFO - BOX_0 has been stacked

2024-05-14 10:22:57,117 - INFO - 1 Boxes stacked successfully, awaiting further input...
2024-05-14 10:23:01,101 - INFO - Checking for additional boxes added...

2024-05-14 10:23:03,094 - INFO - Images captured
2024-05-14 10:23:09,272 - INFO - Images cropped
2024-05-14 10:23:10,176 - INFO - Depth image CSV saved at C:\Users\AISMLab\Robot_Project\Code\yolov5_obb\robot_detection/cropped_images/depth/depth_csv316.csv
2024-05-14 10:23:10,258 - INFO - Color image saved at C:\Users\AISMLab\Robot_Project\Code\yolov5_obb\robot_detection/cropped_images/color/color_image314.JPEG
Camera operation ending...

2024-05-14 10:23:10,258 - INFO - YOLO inference beginning...
2024-05-14 10:23:10,269 - INFO - [34m[1myolo_detect: [0mweights=weights\best.pt, source=captured_video2.mp4, imgsz=[840, 840], conf_thres=0.8, iou_thres=0.5, max_det=200, device=cpu, view_img=False, save_txt=True, save_conf=False, save_crop=False, nosave=False, classes=None, agnostic_nms=False, augment=False, visualize=False, update=False, project=runs/detect, name=exp, exist_ok=False, line_thickness=2, hide_labels=False, hide_conf=False, half=False, dnn=False
2024-05-14 10:23:10,513 - INFO - YOLOv5  e71707e torch 2.2.2+cpu CPU

2024-05-14 10:23:10,698 - INFO - Fusing layers... 
2024-05-14 10:23:10,928 - INFO - Model Summary: 213 layers, 7500979 parameters, 0 gradients
2024-05-14 10:23:11,908 - INFO - image 1/1 C:\Users\AISMLab\Robot_Project\Code\yolov5_obb\robot_detection\cropped_images\color\color_image314.JPEG: 864x864 3 boxs, Done. (0.846s)
2024-05-14 10:23:11,953 - INFO - Speed: 4.0ms pre-process, 845.9ms inference, 16.2ms NMS per image at shape (1, 3, 864, 864)
2024-05-14 10:23:11,965 - INFO - Results saved to [1mruns\detect\exp307[0m
1 labels saved to runs\detect\exp307\labels
2024-05-14 10:23:11,967 - INFO - YOLO inference ending...

2024-05-14 10:23:11,976 - INFO - Post processing beginning...
2024-05-14 10:23:13,111 - INFO - Depth image subtracted saved at C:\Users\AISMLab\Robot_Project\Code\yolov5_obb\robot_detection/output/depth_img_subtracted324.csv

2024-05-14 10:23:13,114 - INFO - ############## Results for BOX_0 ##############
2024-05-14 10:23:13,115 - INFO - X Center: -0.7584638554216867 mm
2024-05-14 10:23:13,116 - INFO - Y Center: -0.13337349397590356 mm
2024-05-14 10:23:13,116 - INFO - Height: 0.046 mm
2024-05-14 10:23:13,116 - INFO - X Angle: 2.2842424368547207 rad
2024-05-14 10:23:13,116 - INFO - Y Angle: 2.187250738472879 rad
2024-05-14 10:23:13,120 - INFO - Box Length: 381.7421920298928 mm
2024-05-14 10:23:13,121 - INFO - Box Area: 58704.7176658441 mm^2

2024-05-14 10:23:13,122 - INFO - ############## Results for BOX_1 ##############
2024-05-14 10:23:13,123 - INFO - X Center: -0.6164156626506024 mm
2024-05-14 10:23:13,123 - INFO - Y Center: 0.13228915662650603 mm
2024-05-14 10:23:13,123 - INFO - Height: 0.053101999999999996 mm
2024-05-14 10:23:13,124 - INFO - X Angle: 2.694324798298021 rad
2024-05-14 10:23:13,124 - INFO - Y Angle: 1.5705260735978648 rad
2024-05-14 10:23:13,124 - INFO - Box Length: 152.59905368628145 mm
2024-05-14 10:23:13,124 - INFO - Box Area: 11864.87153433009 mm^2

2024-05-14 10:23:13,126 - INFO - ############## Results for BOX_2 ##############
2024-05-14 10:23:13,127 - INFO - X Center: -0.43045180722891574 mm
2024-05-14 10:23:13,127 - INFO - Y Center: -0.015722891566265034 mm
2024-05-14 10:23:13,127 - INFO - Height: 0.062061 mm
2024-05-14 10:23:13,128 - INFO - X Angle: 3.14914026199828 rad
2024-05-14 10:23:13,128 - INFO - Y Angle: -0.006593602412336086 rad
2024-05-14 10:23:13,128 - INFO - Box Length: 150.97231680438372 mm
2024-05-14 10:23:13,128 - INFO - Box Area: 13028.31325301205 mm^2

2024-05-14 10:23:13,129 - INFO - PREREAL[[-0.7584638554216867, -0.13337349397590356, 0.046, 2.2842424368547207, 2.187250738472879, 0.0, 381.7421920298928, 58704.7176658441], [-0.6164156626506024, 0.13228915662650603, 0.053101999999999996, 2.694324798298021, 1.5705260735978648, 0.0, 152.59905368628145, 11864.87153433009], [-0.43045180722891574, -0.015722891566265034, 0.062061, 3.14914026199828, -0.006593602412336086, 0.0, 150.97231680438372, 13028.31325301205]]
2024-05-14 10:23:13,130 - INFO - REAL [[-0.6164156626506024, 0.13228915662650603, 0.053101999999999996, 2.694324798298021, 1.5705260735978648, 0.0, 152.59905368628145, 11864.87153433009], [-0.43045180722891574, -0.015722891566265034, 0.062061, 3.14914026199828, -0.006593602412336086, 0.0, 150.97231680438372, 13028.31325301205]]
2024-05-14 10:23:13,165 - INFO - Box stacking beginning...
2024-05-14 10:23:18,755 - INFO - BOX_0 has been picked up, preparing to stack...

2024-05-14 10:23:21,909 - INFO - Box has beeen stacked
2024-05-14 10:23:24,600 - INFO - BOX_0 has been stacked

2024-05-14 10:23:32,144 - INFO - BOX_1 has been picked up, preparing to stack...

2024-05-14 10:23:35,691 - INFO - Box has beeen stacked
2024-05-14 10:23:38,388 - INFO - BOX_1 has been stacked

2024-05-14 10:23:40,811 - INFO - 2 Boxes stacked successfully, awaiting further input...
2024-05-14 10:23:43,832 - INFO - Closing sockets to robot
2024-05-14 10:23:43,841 - INFO - Robot connection closed.

2024-05-14 10:23:43,848 - INFO - End of log
#########################################

2024-05-14 10:25:28,495 - INFO - Beginning of log
2024-05-14 10:25:28,533 - INFO - Remove 79 bytes of garbage at begining of packet
2024-05-14 10:25:28,638 - INFO - Robot is Online
2024-05-14 10:25:28,936 - INFO - MOVE TO STARTING POSITION

2024-05-14 10:25:31,755 - INFO - Camera operation beginning...
2024-05-14 10:25:34,561 - INFO - Images captured
2024-05-14 10:25:39,850 - INFO - Images cropped
2024-05-14 10:25:40,273 - INFO - Depth image CSV saved at C:\Users\AISMLab\Robot_Project\Code\yolov5_obb\robot_detection/cropped_images/depth/depth_csv317.csv
2024-05-14 10:25:40,294 - INFO - Color image saved at C:\Users\AISMLab\Robot_Project\Code\yolov5_obb\robot_detection/cropped_images/color/color_image315.JPEG
Camera operation ending...

2024-05-14 10:25:40,294 - INFO - YOLO inference beginning...
2024-05-14 10:25:40,307 - INFO - [34m[1myolo_detect: [0mweights=weights\best.pt, source=captured_video2.mp4, imgsz=[840, 840], conf_thres=0.8, iou_thres=0.5, max_det=200, device=cpu, view_img=False, save_txt=True, save_conf=False, save_crop=False, nosave=False, classes=None, agnostic_nms=False, augment=False, visualize=False, update=False, project=runs/detect, name=exp, exist_ok=False, line_thickness=2, hide_labels=False, hide_conf=False, half=False, dnn=False
2024-05-14 10:25:40,481 - INFO - YOLOv5  e71707e torch 2.2.2+cpu CPU

2024-05-14 10:25:40,574 - INFO - Fusing layers... 
2024-05-14 10:25:40,725 - INFO - Model Summary: 213 layers, 7500979 parameters, 0 gradients
2024-05-14 10:25:41,474 - INFO - image 1/1 C:\Users\AISMLab\Robot_Project\Code\yolov5_obb\robot_detection\cropped_images\color\color_image315.JPEG: 864x864 2 boxs, Done. (0.683s)
2024-05-14 10:25:41,520 - INFO - Speed: 6.5ms pre-process, 682.9ms inference, 0.0ms NMS per image at shape (1, 3, 864, 864)
2024-05-14 10:25:41,523 - INFO - Results saved to [1mruns\detect\exp308[0m
1 labels saved to runs\detect\exp308\labels
2024-05-14 10:25:41,524 - INFO - YOLO inference ending...

2024-05-14 10:25:41,527 - INFO - Post processing beginning...
2024-05-14 10:25:42,194 - INFO - Depth image subtracted saved at C:\Users\AISMLab\Robot_Project\Code\yolov5_obb\robot_detection/output/depth_img_subtracted325.csv

2024-05-14 10:25:42,195 - INFO - ############## Results for BOX_0 ##############
2024-05-14 10:25:42,195 - INFO - X Center: -0.7411144578313253 mm
2024-05-14 10:25:42,195 - INFO - Y Center: 0.14882530120481932 mm
2024-05-14 10:25:42,195 - INFO - Height: 0.047061 mm
2024-05-14 10:25:42,195 - INFO - X Angle: 2.315480128109048 rad
2024-05-14 10:25:42,195 - INFO - Y Angle: 2.150201320012085 rad
2024-05-14 10:25:42,195 - INFO - Box Length: 353.69515304299586 mm
2024-05-14 10:25:42,195 - INFO - Box Area: 47326.62215125562 mm^2

2024-05-14 10:25:42,195 - INFO - ############## Results for BOX_1 ##############
2024-05-14 10:25:42,195 - INFO - X Center: -0.7446385542168675 mm
2024-05-14 10:25:42,195 - INFO - Y Center: -0.10734939759036144 mm
2024-05-14 10:25:42,195 - INFO - Height: 0.04151 mm
2024-05-14 10:25:42,195 - INFO - X Angle: 2.3171434563906743 rad
2024-05-14 10:25:42,195 - INFO - Y Angle: 2.1452386260344176 rad
2024-05-14 10:25:42,201 - INFO - Box Length: 271.25994312215204 mm
2024-05-14 10:25:42,201 - INFO - Box Area: 52679.98258092611 mm^2

2024-05-14 10:25:42,202 - INFO - BOX_1 is the largest box and base for stacking
2024-05-14 10:25:42,202 - INFO - Box stacking beginning...
2024-05-14 10:25:54,572 - INFO - BOX_0 has been picked up, preparing to stack...

2024-05-14 10:25:57,012 - INFO - Opening real-time monitor socket
2024-05-14 10:25:57,545 - INFO - Box has beeen stacked
2024-05-14 10:26:01,222 - INFO - BOX_0 has been stacked

2024-05-14 10:26:06,458 - INFO - 1 Boxes stacked successfully, awaiting further input...
2024-05-14 10:26:10,431 - INFO - Checking for additional boxes added...

2024-05-14 10:26:12,365 - INFO - Images captured
2024-05-14 10:26:17,949 - INFO - Images cropped
2024-05-14 10:26:18,597 - INFO - Depth image CSV saved at C:\Users\AISMLab\Robot_Project\Code\yolov5_obb\robot_detection/cropped_images/depth/depth_csv318.csv
2024-05-14 10:26:18,873 - INFO - Color image saved at C:\Users\AISMLab\Robot_Project\Code\yolov5_obb\robot_detection/cropped_images/color/color_image316.JPEG
Camera operation ending...

2024-05-14 10:26:18,873 - INFO - YOLO inference beginning...
2024-05-14 10:26:18,873 - INFO - [34m[1myolo_detect: [0mweights=weights\best.pt, source=captured_video2.mp4, imgsz=[840, 840], conf_thres=0.8, iou_thres=0.5, max_det=200, device=cpu, view_img=False, save_txt=True, save_conf=False, save_crop=False, nosave=False, classes=None, agnostic_nms=False, augment=False, visualize=False, update=False, project=runs/detect, name=exp, exist_ok=False, line_thickness=2, hide_labels=False, hide_conf=False, half=False, dnn=False
2024-05-14 10:26:19,145 - INFO - YOLOv5  e71707e torch 2.2.2+cpu CPU

2024-05-14 10:26:19,312 - INFO - Fusing layers... 
2024-05-14 10:26:19,536 - INFO - Model Summary: 213 layers, 7500979 parameters, 0 gradients
2024-05-14 10:26:20,573 - INFO - image 1/1 C:\Users\AISMLab\Robot_Project\Code\yolov5_obb\robot_detection\cropped_images\color\color_image316.JPEG: 864x864 3 boxs, Done. (0.956s)
2024-05-14 10:26:20,608 - INFO - Speed: 2.7ms pre-process, 955.9ms inference, 12.9ms NMS per image at shape (1, 3, 864, 864)
2024-05-14 10:26:20,614 - INFO - Results saved to [1mruns\detect\exp309[0m
1 labels saved to runs\detect\exp309\labels
2024-05-14 10:26:20,618 - INFO - YOLO inference ending...

2024-05-14 10:26:20,622 - INFO - Post processing beginning...
2024-05-14 10:26:22,164 - INFO - Depth image subtracted saved at C:\Users\AISMLab\Robot_Project\Code\yolov5_obb\robot_detection/output/depth_img_subtracted326.csv

2024-05-14 10:26:22,170 - INFO - ############## Results for BOX_0 ##############
2024-05-14 10:26:22,170 - INFO - X Center: -0.7522289156626506 mm
2024-05-14 10:26:22,177 - INFO - Y Center: -0.12469879518072284 mm
2024-05-14 10:26:22,181 - INFO - Height: 0.046 mm
2024-05-14 10:26:22,183 - INFO - X Angle: 2.248742309077148 rad
2024-05-14 10:26:22,184 - INFO - Y Angle: -2.258939774085161 rad
2024-05-14 10:26:22,186 - INFO - Box Length: 375.18072289156623 mm
2024-05-14 10:26:22,190 - INFO - Box Area: 59396.080708375644 mm^2

2024-05-14 10:26:22,194 - INFO - ############## Results for BOX_1 ##############
2024-05-14 10:26:22,195 - INFO - X Center: -0.39006024096385544 mm
2024-05-14 10:26:22,197 - INFO - Y Center: 0.06018072289156629 mm
2024-05-14 10:26:22,199 - INFO - Height: 0.053837 mm
2024-05-14 10:26:22,201 - INFO - X Angle: 3.124882677206255 rad
2024-05-14 10:26:22,202 - INFO - Y Angle: -0.23058175129091874 rad
2024-05-14 10:26:22,202 - INFO - Box Length: 159.39390209649795 mm
2024-05-14 10:26:22,202 - INFO - Box Area: 13627.376977790676 mm^2

2024-05-14 10:26:22,204 - INFO - ############## Results for BOX_2 ##############
2024-05-14 10:26:22,206 - INFO - X Center: -0.5708734939759037 mm
2024-05-14 10:26:22,206 - INFO - Y Center: 0.1718674698795181 mm
2024-05-14 10:26:22,213 - INFO - Height: 0.050449 mm
2024-05-14 10:26:22,215 - INFO - X Angle: 2.327729030442242 rad
2024-05-14 10:26:22,218 - INFO - Y Angle: -2.1426558939703333 rad
2024-05-14 10:26:22,220 - INFO - Box Length: 155.15499674503357 mm
2024-05-14 10:26:22,223 - INFO - Box Area: 12748.475831034983 mm^2

2024-05-14 10:26:22,226 - INFO - PREREAL[[-0.7522289156626506, -0.12469879518072284, 0.046, 2.248742309077148, -2.258939774085161, 0.0, 375.18072289156623, 59396.080708375644], [-0.39006024096385544, 0.06018072289156629, 0.053837, 3.124882677206255, -0.23058175129091874, 0.0, 159.39390209649795, 13627.376977790676], [-0.5708734939759037, 0.1718674698795181, 0.050449, 2.327729030442242, -2.1426558939703333, 0.0, 155.15499674503357, 12748.475831034983]]
2024-05-14 10:26:22,228 - INFO - REAL [[-0.39006024096385544, 0.06018072289156629, 0.053837, 3.124882677206255, -0.23058175129091874, 0.0, 159.39390209649795, 13627.376977790676], [-0.5708734939759037, 0.1718674698795181, 0.050449, 2.327729030442242, -2.1426558939703333, 0.0, 155.15499674503357, 12748.475831034983]]
2024-05-14 10:26:22,298 - INFO - BOX_1 is outside valid range and will be ignored.
2024-05-14 10:26:22,300 - INFO - Box stacking beginning...
2024-05-14 10:26:27,490 - INFO - BOX_0 has been picked up, preparing to stack...

2024-05-14 10:26:31,038 - INFO - Box has beeen stacked
2024-05-14 10:26:33,235 - INFO - BOX_0 has been stacked

2024-05-14 10:26:35,051 - INFO - 1 Boxes stacked successfully, awaiting further input...
2024-05-14 10:26:38,072 - INFO - Closing sockets to robot
2024-05-14 10:26:38,078 - INFO - Robot connection closed.

2024-05-14 10:26:38,078 - INFO - End of log
#########################################

2024-05-14 10:29:54,317 - INFO - Beginning of log
2024-05-14 10:29:54,411 - INFO - Remove 79 bytes of garbage at begining of packet
2024-05-14 10:29:54,519 - INFO - Robot is Online
2024-05-14 10:29:54,826 - INFO - MOVE TO STARTING POSITION

2024-05-14 10:29:57,642 - INFO - Camera operation beginning...
2024-05-14 10:30:00,328 - INFO - Images captured
2024-05-14 10:30:06,286 - INFO - Images cropped
2024-05-14 10:30:06,801 - INFO - Depth image CSV saved at C:\Users\AISMLab\Robot_Project\Code\yolov5_obb\robot_detection/cropped_images/depth/depth_csv319.csv
2024-05-14 10:30:06,843 - INFO - Color image saved at C:\Users\AISMLab\Robot_Project\Code\yolov5_obb\robot_detection/cropped_images/color/color_image317.JPEG
Camera operation ending...

2024-05-14 10:30:06,844 - INFO - YOLO inference beginning...
2024-05-14 10:30:06,846 - INFO - [34m[1myolo_detect: [0mweights=weights\best.pt, source=captured_video2.mp4, imgsz=[840, 840], conf_thres=0.8, iou_thres=0.5, max_det=200, device=cpu, view_img=False, save_txt=True, save_conf=False, save_crop=False, nosave=False, classes=None, agnostic_nms=False, augment=False, visualize=False, update=False, project=runs/detect, name=exp, exist_ok=False, line_thickness=2, hide_labels=False, hide_conf=False, half=False, dnn=False
2024-05-14 10:30:07,066 - INFO - YOLOv5  e71707e torch 2.2.2+cpu CPU

2024-05-14 10:30:07,140 - INFO - Fusing layers... 
2024-05-14 10:30:07,307 - INFO - Model Summary: 213 layers, 7500979 parameters, 0 gradients
2024-05-14 10:30:08,127 - INFO - image 1/1 C:\Users\AISMLab\Robot_Project\Code\yolov5_obb\robot_detection\cropped_images\color\color_image317.JPEG: 864x864 3 boxs, Done. (0.755s)
2024-05-14 10:30:08,161 - INFO - Speed: 12.1ms pre-process, 754.6ms inference, 0.0ms NMS per image at shape (1, 3, 864, 864)
2024-05-14 10:30:08,162 - INFO - Results saved to [1mruns\detect\exp310[0m
1 labels saved to runs\detect\exp310\labels
2024-05-14 10:30:08,162 - INFO - YOLO inference ending...

2024-05-14 10:30:08,162 - INFO - Post processing beginning...
2024-05-14 10:30:08,774 - INFO - Depth image subtracted saved at C:\Users\AISMLab\Robot_Project\Code\yolov5_obb\robot_detection/output/depth_img_subtracted327.csv

2024-05-14 10:30:08,774 - ERROR - Error during Post Processing: index -3 is out of bounds for axis 0 with size 0
2024-05-14 10:30:08,774 - ERROR - An unexpected error occurred: index -3 is out of bounds for axis 0 with size 0
2024-05-14 10:30:19,861 - INFO - Closing sockets to robot
2024-05-14 10:30:19,862 - INFO - Robot connection closed.

2024-05-14 10:30:19,866 - INFO - End of log
#########################################

2024-05-14 10:30:57,570 - INFO - Beginning of log
2024-05-14 10:30:58,145 - INFO - Remove 79 bytes of garbage at begining of packet
2024-05-14 10:30:58,246 - INFO - Robot is Online
2024-05-14 10:30:58,538 - INFO - MOVE TO STARTING POSITION

2024-05-14 10:30:59,951 - INFO - Camera operation beginning...
2024-05-14 10:31:03,000 - INFO - Images captured
2024-05-14 10:31:09,549 - INFO - Images cropped
2024-05-14 10:31:10,110 - INFO - Depth image CSV saved at C:\Users\AISMLab\Robot_Project\Code\yolov5_obb\robot_detection/cropped_images/depth/depth_csv320.csv
2024-05-14 10:31:10,159 - INFO - Color image saved at C:\Users\AISMLab\Robot_Project\Code\yolov5_obb\robot_detection/cropped_images/color/color_image318.JPEG
Camera operation ending...

2024-05-14 10:31:10,159 - INFO - YOLO inference beginning...
2024-05-14 10:31:10,171 - INFO - [34m[1myolo_detect: [0mweights=weights\best.pt, source=captured_video2.mp4, imgsz=[840, 840], conf_thres=0.8, iou_thres=0.5, max_det=200, device=cpu, view_img=False, save_txt=True, save_conf=False, save_crop=False, nosave=False, classes=None, agnostic_nms=False, augment=False, visualize=False, update=False, project=runs/detect, name=exp, exist_ok=False, line_thickness=2, hide_labels=False, hide_conf=False, half=False, dnn=False
2024-05-14 10:31:10,414 - INFO - YOLOv5  e71707e torch 2.2.2+cpu CPU

2024-05-14 10:31:10,502 - INFO - Fusing layers... 
2024-05-14 10:31:10,706 - INFO - Model Summary: 213 layers, 7500979 parameters, 0 gradients
2024-05-14 10:31:11,636 - INFO - image 1/1 C:\Users\AISMLab\Robot_Project\Code\yolov5_obb\robot_detection\cropped_images\color\color_image318.JPEG: 864x864 2 boxs, Done. (0.862s)
2024-05-14 10:31:11,672 - INFO - Speed: 0.0ms pre-process, 862.4ms inference, 0.0ms NMS per image at shape (1, 3, 864, 864)
2024-05-14 10:31:11,675 - INFO - Results saved to [1mruns\detect\exp311[0m
1 labels saved to runs\detect\exp311\labels
2024-05-14 10:31:11,677 - INFO - YOLO inference ending...

2024-05-14 10:31:11,679 - INFO - Post processing beginning...
2024-05-14 10:31:12,372 - INFO - Depth image subtracted saved at C:\Users\AISMLab\Robot_Project\Code\yolov5_obb\robot_detection/output/depth_img_subtracted328.csv

2024-05-14 10:31:12,374 - INFO - ############## Results for BOX_0 ##############
2024-05-14 10:31:12,374 - INFO - X Center: -0.6649397590361446 mm
2024-05-14 10:31:12,374 - INFO - Y Center: 0.06831325301204823 mm
2024-05-14 10:31:12,374 - INFO - Height: 0.040122 mm
2024-05-14 10:31:12,374 - INFO - X Angle: 2.313999330393674 rad
2024-05-14 10:31:12,374 - INFO - Y Angle: -2.14000432052424 rad
2024-05-14 10:31:12,374 - INFO - Box Length: 363.4859889462804 mm
2024-05-14 10:31:12,374 - INFO - Box Area: 48898.65002177383 mm^2

2024-05-14 10:31:12,384 - INFO - ############## Results for BOX_1 ##############
2024-05-14 10:31:12,387 - INFO - X Center: -0.6768674698795182 mm
2024-05-14 10:31:12,387 - INFO - Y Center: -0.1886746987951807 mm
2024-05-14 10:31:12,388 - INFO - Height: 0.045020000000000004 mm
2024-05-14 10:31:12,389 - INFO - X Angle: 2.316527269831904 rad
2024-05-14 10:31:12,390 - INFO - Y Angle: 2.145553564868084 rad
2024-05-14 10:31:12,390 - INFO - Box Length: 272.3435812971729 mm
2024-05-14 10:31:12,390 - INFO - Box Area: 53480.69385977645 mm^2

2024-05-14 10:31:12,392 - INFO - BOX_1 is the largest box and base for stacking
2024-05-14 10:31:12,392 - INFO - Box stacking beginning...
2024-05-14 10:31:24,386 - INFO - BOX_0 has been picked up, preparing to stack...

2024-05-14 10:31:27,830 - INFO - Opening real-time monitor socket
2024-05-14 10:31:28,572 - INFO - Box has beeen stacked
2024-05-14 10:31:31,740 - INFO - BOX_0 has been stacked

2024-05-14 10:31:33,561 - INFO - 1 Boxes stacked successfully, awaiting further input...
2024-05-14 10:31:37,510 - INFO - Checking for additional boxes added...

2024-05-14 10:31:39,509 - INFO - Images captured
2024-05-14 10:31:45,493 - INFO - Images cropped
2024-05-14 10:31:46,118 - INFO - Depth image CSV saved at C:\Users\AISMLab\Robot_Project\Code\yolov5_obb\robot_detection/cropped_images/depth/depth_csv321.csv
2024-05-14 10:31:46,320 - INFO - Color image saved at C:\Users\AISMLab\Robot_Project\Code\yolov5_obb\robot_detection/cropped_images/color/color_image319.JPEG
Camera operation ending...

2024-05-14 10:31:46,325 - INFO - YOLO inference beginning...
2024-05-14 10:31:46,329 - INFO - [34m[1myolo_detect: [0mweights=weights\best.pt, source=captured_video2.mp4, imgsz=[840, 840], conf_thres=0.8, iou_thres=0.5, max_det=200, device=cpu, view_img=False, save_txt=True, save_conf=False, save_crop=False, nosave=False, classes=None, agnostic_nms=False, augment=False, visualize=False, update=False, project=runs/detect, name=exp, exist_ok=False, line_thickness=2, hide_labels=False, hide_conf=False, half=False, dnn=False
2024-05-14 10:31:46,601 - INFO - YOLOv5  e71707e torch 2.2.2+cpu CPU

2024-05-14 10:31:46,823 - INFO - Fusing layers... 
2024-05-14 10:31:47,080 - INFO - Model Summary: 213 layers, 7500979 parameters, 0 gradients
2024-05-14 10:31:48,056 - INFO - image 1/1 C:\Users\AISMLab\Robot_Project\Code\yolov5_obb\robot_detection\cropped_images\color\color_image319.JPEG: 864x864 3 boxs, Done. (0.898s)
2024-05-14 10:31:48,088 - INFO - Speed: 9.0ms pre-process, 897.6ms inference, 5.0ms NMS per image at shape (1, 3, 864, 864)
2024-05-14 10:31:48,097 - INFO - Results saved to [1mruns\detect\exp312[0m
1 labels saved to runs\detect\exp312\labels
2024-05-14 10:31:48,100 - INFO - YOLO inference ending...

2024-05-14 10:31:48,103 - INFO - Post processing beginning...
2024-05-14 10:31:48,886 - INFO - Depth image subtracted saved at C:\Users\AISMLab\Robot_Project\Code\yolov5_obb\robot_detection/output/depth_img_subtracted329.csv

2024-05-14 10:31:48,887 - INFO - ############## Results for BOX_0 ##############
2024-05-14 10:31:48,889 - INFO - X Center: -0.6817469879518072 mm
2024-05-14 10:31:48,890 - INFO - Y Center: -0.21632530120481921 mm
2024-05-14 10:31:48,891 - INFO - Height: 0.046 mm
2024-05-14 10:31:48,894 - INFO - X Angle: 2.397111285081349 rad
2024-05-14 10:31:48,895 - INFO - Y Angle: 2.0357040795469796 rad
2024-05-14 10:31:48,896 - INFO - Box Length: 374.4278259365013 mm
2024-05-14 10:31:48,897 - INFO - Box Area: 58262.62157061983 mm^2

2024-05-14 10:31:48,898 - INFO - ############## Results for BOX_1 ##############
2024-05-14 10:31:48,898 - INFO - X Center: -0.42692771084337355 mm
2024-05-14 10:31:48,904 - INFO - Y Center: 0.08891566265060243 mm
2024-05-14 10:31:48,905 - INFO - Height: 0.054959 mm
2024-05-14 10:31:48,907 - INFO - X Angle: 2.32676378293295 rad
2024-05-14 10:31:48,908 - INFO - Y Angle: -2.1484259630923406 rad
2024-05-14 10:31:48,909 - INFO - Box Length: 163.8246781931149 mm
2024-05-14 10:31:48,912 - INFO - Box Area: 13688.517927130204 mm^2

2024-05-14 10:31:48,916 - INFO - ############## Results for BOX_2 ##############
2024-05-14 10:31:48,920 - INFO - X Center: -0.6622289156626507 mm
2024-05-14 10:31:48,922 - INFO - Y Center: 0.062349397590361476 mm
2024-05-14 10:31:48,923 - INFO - Height: 0.052347000000000005 mm
2024-05-14 10:31:48,925 - INFO - X Angle: 3.1348560853948606 rad
2024-05-14 10:31:48,926 - INFO - Y Angle: 0.056967482223972965 rad
2024-05-14 10:31:48,928 - INFO - Box Length: 153.137459278161 mm
2024-05-14 10:31:48,931 - INFO - Box Area: 12637.363913485256 mm^2

2024-05-14 10:31:48,933 - INFO - PREREAL[[-0.6817469879518072, -0.21632530120481921, 0.046, 2.397111285081349, 2.0357040795469796, 0.0, 374.4278259365013, 58262.62157061983], [-0.42692771084337355, 0.08891566265060243, 0.054959, 2.32676378293295, -2.1484259630923406, 0.0, 163.8246781931149, 13688.517927130204], [-0.6622289156626507, 0.062349397590361476, 0.052347000000000005, 3.1348560853948606, 0.056967482223972965, 0.0, 153.137459278161, 12637.363913485256]]
2024-05-14 10:31:48,936 - INFO - REAL [[-0.42692771084337355, 0.08891566265060243, 0.054959, 2.32676378293295, -2.1484259630923406, 0.0, 163.8246781931149, 13688.517927130204], [-0.6622289156626507, 0.062349397590361476, 0.052347000000000005, 3.1348560853948606, 0.056967482223972965, 0.0, 153.137459278161, 12637.363913485256]]
2024-05-14 10:31:49,005 - INFO - Box stacking beginning...
2024-05-14 10:31:52,672 - INFO - BOX_0 has been picked up, preparing to stack...

2024-05-14 10:31:57,222 - INFO - Box has beeen stacked
2024-05-14 10:31:57,912 - INFO - BOX_0 has been stacked

2024-05-14 10:32:03,346 - INFO - BOX_1 has been picked up, preparing to stack...

2024-05-14 10:33:58,478 - INFO - Beginning of log
2024-05-14 10:33:58,925 - INFO - Remove 79 bytes of garbage at begining of packet
2024-05-14 10:33:59,029 - INFO - Robot is Online
2024-05-14 10:33:59,326 - INFO - MOVE TO STARTING POSITION

2024-05-14 10:34:06,049 - INFO - Camera operation beginning...
2024-05-14 10:34:08,865 - INFO - Images captured
2024-05-14 10:34:14,743 - INFO - Images cropped
2024-05-14 10:34:15,182 - INFO - Depth image CSV saved at C:\Users\AISMLab\Robot_Project\Code\yolov5_obb\robot_detection/cropped_images/depth/depth_csv322.csv
2024-05-14 10:34:15,213 - INFO - Color image saved at C:\Users\AISMLab\Robot_Project\Code\yolov5_obb\robot_detection/cropped_images/color/color_image320.JPEG
Camera operation ending...

2024-05-14 10:34:15,213 - INFO - YOLO inference beginning...
2024-05-14 10:34:15,228 - INFO - [34m[1myolo_detect: [0mweights=weights\best.pt, source=captured_video2.mp4, imgsz=[840, 840], conf_thres=0.8, iou_thres=0.5, max_det=200, device=cpu, view_img=False, save_txt=True, save_conf=False, save_crop=False, nosave=False, classes=None, agnostic_nms=False, augment=False, visualize=False, update=False, project=runs/detect, name=exp, exist_ok=False, line_thickness=2, hide_labels=False, hide_conf=False, half=False, dnn=False
2024-05-14 10:34:15,454 - INFO - YOLOv5  e71707e torch 2.2.2+cpu CPU

2024-05-14 10:34:15,522 - INFO - Fusing layers... 
2024-05-14 10:34:15,710 - INFO - Model Summary: 213 layers, 7500979 parameters, 0 gradients
2024-05-14 10:34:16,571 - INFO - image 1/1 C:\Users\AISMLab\Robot_Project\Code\yolov5_obb\robot_detection\cropped_images\color\color_image320.JPEG: 864x864 2 boxs, Done. (0.806s)
2024-05-14 10:34:16,593 - INFO - Speed: 0.0ms pre-process, 805.7ms inference, 9.2ms NMS per image at shape (1, 3, 864, 864)
2024-05-14 10:34:16,595 - INFO - Results saved to [1mruns\detect\exp313[0m
1 labels saved to runs\detect\exp313\labels
2024-05-14 10:34:16,595 - INFO - YOLO inference ending...

2024-05-14 10:34:16,595 - INFO - Post processing beginning...
2024-05-14 10:34:17,160 - INFO - Depth image subtracted saved at C:\Users\AISMLab\Robot_Project\Code\yolov5_obb\robot_detection/output/depth_img_subtracted330.csv

2024-05-14 10:34:17,160 - INFO - ############## Results for BOX_0 ##############
2024-05-14 10:34:17,169 - INFO - X Center: -0.678222891566265 mm
2024-05-14 10:34:17,169 - INFO - Y Center: 0.11656626506024098 mm
2024-05-14 10:34:17,169 - INFO - Height: 0.041122 mm
2024-05-14 10:34:17,170 - INFO - X Angle: 2.3150430596356038 rad
2024-05-14 10:34:17,170 - INFO - Y Angle: 2.150201320012085 rad
2024-05-14 10:34:17,170 - INFO - Box Length: 353.6951530429958 mm
2024-05-14 10:34:17,170 - INFO - Box Area: 47515.336042967036 mm^2

2024-05-14 10:34:17,171 - INFO - ############## Results for BOX_1 ##############
2024-05-14 10:34:17,171 - INFO - X Center: -0.7180722891566266 mm
2024-05-14 10:34:17,171 - INFO - Y Center: -0.1848795180722891 mm
2024-05-14 10:34:17,172 - INFO - Height: 0.040429 mm
2024-05-14 10:34:17,172 - INFO - X Angle: 2.345043565622409 rad
2024-05-14 10:34:17,172 - INFO - Y Angle: 2.108564536180412 rad
2024-05-14 10:34:17,173 - INFO - Box Length: 267.1191937445062 mm
2024-05-14 10:34:17,173 - INFO - Box Area: 51622.94962984469 mm^2

2024-05-14 10:34:17,174 - INFO - BOX_1 is the largest box and base for stacking
2024-05-14 10:34:17,174 - INFO - Box stacking beginning...
2024-05-14 10:34:29,288 - INFO - BOX_0 has been picked up, preparing to stack...

2024-05-14 10:34:31,614 - INFO - Opening real-time monitor socket
2024-05-14 10:34:32,406 - INFO - Box has beeen stacked
2024-05-14 10:34:35,030 - INFO - BOX_0 has been stacked

2024-05-14 10:34:36,351 - INFO - 1 Boxes stacked successfully, awaiting further input...
2024-05-14 10:34:40,287 - INFO - Checking for additional boxes added...

2024-05-14 10:34:42,199 - INFO - Images captured
2024-05-14 10:34:48,159 - INFO - Images cropped
2024-05-14 10:34:48,753 - INFO - Depth image CSV saved at C:\Users\AISMLab\Robot_Project\Code\yolov5_obb\robot_detection/cropped_images/depth/depth_csv323.csv
2024-05-14 10:34:48,962 - INFO - Color image saved at C:\Users\AISMLab\Robot_Project\Code\yolov5_obb\robot_detection/cropped_images/color/color_image321.JPEG
Camera operation ending...

2024-05-14 10:34:48,962 - INFO - YOLO inference beginning...
2024-05-14 10:34:48,962 - INFO - [34m[1myolo_detect: [0mweights=weights\best.pt, source=captured_video2.mp4, imgsz=[840, 840], conf_thres=0.8, iou_thres=0.5, max_det=200, device=cpu, view_img=False, save_txt=True, save_conf=False, save_crop=False, nosave=False, classes=None, agnostic_nms=False, augment=False, visualize=False, update=False, project=runs/detect, name=exp, exist_ok=False, line_thickness=2, hide_labels=False, hide_conf=False, half=False, dnn=False
2024-05-14 10:34:49,238 - INFO - YOLOv5  e71707e torch 2.2.2+cpu CPU

2024-05-14 10:34:49,370 - INFO - Fusing layers... 
2024-05-14 10:34:49,655 - INFO - Model Summary: 213 layers, 7500979 parameters, 0 gradients
2024-05-14 10:34:50,572 - INFO - image 1/1 C:\Users\AISMLab\Robot_Project\Code\yolov5_obb\robot_detection\cropped_images\color\color_image321.JPEG: 864x864 3 boxs, Done. (0.848s)
2024-05-14 10:34:50,606 - INFO - Speed: 8.1ms pre-process, 847.7ms inference, 6.4ms NMS per image at shape (1, 3, 864, 864)
2024-05-14 10:34:50,606 - INFO - Results saved to [1mruns\detect\exp314[0m
1 labels saved to runs\detect\exp314\labels
2024-05-14 10:34:50,614 - INFO - YOLO inference ending...

2024-05-14 10:34:50,616 - INFO - Post processing beginning...
2024-05-14 10:34:51,759 - INFO - Depth image subtracted saved at C:\Users\AISMLab\Robot_Project\Code\yolov5_obb\robot_detection/output/depth_img_subtracted331.csv

2024-05-14 10:34:51,760 - INFO - ############## Results for BOX_0 ##############
2024-05-14 10:34:51,761 - INFO - X Center: -0.7175301204819278 mm
2024-05-14 10:34:51,763 - INFO - Y Center: -0.2081927710843373 mm
2024-05-14 10:34:51,763 - INFO - Height: 0.046 mm
2024-05-14 10:34:51,772 - INFO - X Angle: 2.319952551185382 rad
2024-05-14 10:34:51,772 - INFO - Y Angle: 2.1479132412691637 rad
2024-05-14 10:34:51,777 - INFO - Box Length: 374.32261362878654 mm
2024-05-14 10:34:51,779 - INFO - Box Area: 57672.37625199593 mm^2

2024-05-14 10:34:51,780 - INFO - ############## Results for BOX_1 ##############
2024-05-14 10:34:51,782 - INFO - X Center: -0.6765963855421687 mm
2024-05-14 10:34:51,782 - INFO - Y Center: 0.11006024096385544 mm
2024-05-14 10:34:51,782 - INFO - Height: 0.050429 mm
2024-05-14 10:34:51,793 - INFO - X Angle: 3.1349868762114617 rad
2024-05-14 10:34:51,795 - INFO - Y Angle: 0.049886851075140015 rad
2024-05-14 10:34:51,796 - INFO - Box Length: 153.137459278161 mm
2024-05-14 10:34:51,797 - INFO - Box Area: 13049.477427783422 mm^2

2024-05-14 10:34:51,803 - INFO - ############## Results for BOX_2 ##############
2024-05-14 10:34:51,806 - INFO - X Center: -0.4656927710843374 mm
2024-05-14 10:34:51,808 - INFO - Y Center: 0.06289156626506028 mm
2024-05-14 10:34:51,811 - INFO - Height: 0.051224 mm
2024-05-14 10:34:51,812 - INFO - X Angle: 3.037882456736263 rad
2024-05-14 10:34:51,814 - INFO - Y Angle: -0.6703616214878556 rad
2024-05-14 10:34:51,818 - INFO - Box Length: 167.37125465529897 mm
2024-05-14 10:34:51,819 - INFO - Box Area: 13212.323994774277 mm^2

2024-05-14 10:34:51,823 - INFO - PREREAL[[-0.7175301204819278, -0.2081927710843373, 0.046, 2.319952551185382, 2.1479132412691637, 0.0, 374.32261362878654, 57672.37625199593], [-0.6765963855421687, 0.11006024096385544, 0.050429, 3.1349868762114617, 0.049886851075140015, 0.0, 153.137459278161, 13049.477427783422], [-0.4656927710843374, 0.06289156626506028, 0.051224, 3.037882456736263, -0.6703616214878556, 0.0, 167.37125465529897, 13212.323994774277]]
2024-05-14 10:34:51,827 - INFO - REAL [[-0.6765963855421687, 0.11006024096385544, 0.050429, 3.1349868762114617, 0.049886851075140015, 0.0, 153.137459278161, 13049.477427783422], [-0.4656927710843374, 0.06289156626506028, 0.051224, 3.037882456736263, -0.6703616214878556, 0.0, 167.37125465529897, 13212.323994774277]]
2024-05-14 10:34:51,914 - INFO - Box stacking beginning...
2024-05-14 10:34:55,551 - INFO - BOX_0 has been picked up, preparing to stack...

2024-05-14 10:38:02,016 - INFO - Beginning of log
2024-05-14 10:38:02,418 - INFO - Remove 79 bytes of garbage at begining of packet
2024-05-14 10:38:02,529 - ERROR - Robot is Stopped
2024-05-14 10:38:02,744 - ERROR - Error during robot connection: Robot stopped
2024-05-14 10:38:02,744 - ERROR - An unexpected error occurred: Robot stopped
2024-05-14 10:39:04,594 - INFO - Beginning of log
2024-05-14 10:39:04,864 - INFO - Remove 79 bytes of garbage at begining of packet
2024-05-14 10:39:04,957 - INFO - Robot is Online
2024-05-14 10:39:05,257 - INFO - MOVE TO STARTING POSITION

2024-05-14 10:39:11,589 - INFO - Camera operation beginning...
2024-05-14 10:39:14,723 - INFO - Images captured
2024-05-14 10:39:19,980 - INFO - Images cropped
2024-05-14 10:39:20,466 - INFO - Depth image CSV saved at C:\Users\AISMLab\Robot_Project\Code\yolov5_obb\robot_detection/cropped_images/depth/depth_csv324.csv
2024-05-14 10:39:20,497 - INFO - Color image saved at C:\Users\AISMLab\Robot_Project\Code\yolov5_obb\robot_detection/cropped_images/color/color_image322.JPEG
Camera operation ending...

2024-05-14 10:39:20,497 - INFO - YOLO inference beginning...
2024-05-14 10:39:20,513 - INFO - [34m[1myolo_detect: [0mweights=weights\best.pt, source=captured_video2.mp4, imgsz=[840, 840], conf_thres=0.8, iou_thres=0.5, max_det=200, device=cpu, view_img=False, save_txt=True, save_conf=False, save_crop=False, nosave=False, classes=None, agnostic_nms=False, augment=False, visualize=False, update=False, project=runs/detect, name=exp, exist_ok=False, line_thickness=2, hide_labels=False, hide_conf=False, half=False, dnn=False
2024-05-14 10:39:20,752 - INFO - YOLOv5  e71707e torch 2.2.2+cpu CPU

2024-05-14 10:39:20,851 - INFO - Fusing layers... 
2024-05-14 10:39:21,010 - INFO - Model Summary: 213 layers, 7500979 parameters, 0 gradients
2024-05-14 10:39:21,925 - INFO - image 1/1 C:\Users\AISMLab\Robot_Project\Code\yolov5_obb\robot_detection\cropped_images\color\color_image322.JPEG: 864x864 2 boxs, Done. (0.787s)
2024-05-14 10:39:21,954 - INFO - Speed: 13.5ms pre-process, 787.2ms inference, 28.1ms NMS per image at shape (1, 3, 864, 864)
2024-05-14 10:39:21,957 - INFO - Results saved to [1mruns\detect\exp315[0m
1 labels saved to runs\detect\exp315\labels
2024-05-14 10:39:21,960 - INFO - YOLO inference ending...

2024-05-14 10:39:21,964 - INFO - Post processing beginning...
2024-05-14 10:39:22,492 - INFO - Depth image subtracted saved at C:\Users\AISMLab\Robot_Project\Code\yolov5_obb\robot_detection/output/depth_img_subtracted332.csv

2024-05-14 10:39:22,513 - INFO - ############## Results for BOX_0 ##############
2024-05-14 10:39:22,513 - INFO - X Center: -0.6955722891566265 mm
2024-05-14 10:39:22,514 - INFO - Y Center: 0.04608433734939761 mm
2024-05-14 10:39:22,514 - INFO - Height: 0.042633000000000004 mm
2024-05-14 10:39:22,515 - INFO - X Angle: 2.3559541731974245 rad
2024-05-14 10:39:22,516 - INFO - Y Angle: 2.112108918713771 rad
2024-05-14 10:39:22,516 - INFO - Box Length: 361.554561944505 mm
2024-05-14 10:39:22,516 - INFO - Box Area: 47825.74393961387 mm^2

2024-05-14 10:39:22,517 - INFO - ############## Results for BOX_1 ##############
2024-05-14 10:39:22,517 - INFO - X Center: -0.720512048192771 mm
2024-05-14 10:39:22,517 - INFO - Y Center: -0.19463855421686743 mm
2024-05-14 10:39:22,517 - INFO - Height: 0.046878 mm
2024-05-14 10:39:22,517 - INFO - X Angle: 2.326029104191179 rad
2024-05-14 10:39:22,517 - INFO - Y Angle: 2.1458660489303987 rad
2024-05-14 10:39:22,517 - INFO - Box Length: 274.5108742126016 mm
2024-05-14 10:39:22,517 - INFO - Box Area: 53508.32486572796 mm^2

2024-05-14 10:39:22,517 - INFO - BOX_1 is the largest box and base for stacking
2024-05-14 10:39:22,517 - INFO - Box stacking beginning...
2024-05-14 10:39:35,511 - INFO - BOX_0 has been picked up, preparing to stack...

2024-05-14 10:39:37,938 - INFO - Opening real-time monitor socket
2024-05-14 10:39:38,755 - INFO - Box has beeen stacked
2024-05-14 10:39:42,449 - INFO - BOX_0 has been stacked

2024-05-14 10:39:48,278 - INFO - 1 Boxes stacked successfully, awaiting further input...
2024-05-14 10:39:52,250 - INFO - Checking for additional boxes added...

2024-05-14 10:39:54,148 - INFO - Images captured
2024-05-14 10:40:00,055 - INFO - Images cropped
2024-05-14 10:40:00,734 - INFO - Depth image CSV saved at C:\Users\AISMLab\Robot_Project\Code\yolov5_obb\robot_detection/cropped_images/depth/depth_csv325.csv
2024-05-14 10:40:01,025 - INFO - Color image saved at C:\Users\AISMLab\Robot_Project\Code\yolov5_obb\robot_detection/cropped_images/color/color_image323.JPEG
Camera operation ending...

2024-05-14 10:40:01,025 - INFO - YOLO inference beginning...
2024-05-14 10:40:01,025 - INFO - [34m[1myolo_detect: [0mweights=weights\best.pt, source=captured_video2.mp4, imgsz=[840, 840], conf_thres=0.8, iou_thres=0.5, max_det=200, device=cpu, view_img=False, save_txt=True, save_conf=False, save_crop=False, nosave=False, classes=None, agnostic_nms=False, augment=False, visualize=False, update=False, project=runs/detect, name=exp, exist_ok=False, line_thickness=2, hide_labels=False, hide_conf=False, half=False, dnn=False
2024-05-14 10:40:01,267 - INFO - YOLOv5  e71707e torch 2.2.2+cpu CPU

2024-05-14 10:40:01,417 - INFO - Fusing layers... 
2024-05-14 10:40:01,778 - INFO - Model Summary: 213 layers, 7500979 parameters, 0 gradients
2024-05-14 10:40:02,910 - INFO - image 1/1 C:\Users\AISMLab\Robot_Project\Code\yolov5_obb\robot_detection\cropped_images\color\color_image323.JPEG: 864x864 3 boxs, Done. (1.051s)
2024-05-14 10:40:02,938 - INFO - Speed: 0.7ms pre-process, 1050.6ms inference, 4.0ms NMS per image at shape (1, 3, 864, 864)
2024-05-14 10:40:02,944 - INFO - Results saved to [1mruns\detect\exp316[0m
1 labels saved to runs\detect\exp316\labels
2024-05-14 10:40:02,945 - INFO - YOLO inference ending...

2024-05-14 10:40:02,950 - INFO - Post processing beginning...
2024-05-14 10:40:03,891 - INFO - Depth image subtracted saved at C:\Users\AISMLab\Robot_Project\Code\yolov5_obb\robot_detection/output/depth_img_subtracted333.csv

2024-05-14 10:40:03,891 - INFO - ############## Results for BOX_0 ##############
2024-05-14 10:40:03,891 - INFO - X Center: -0.721867469879518 mm
2024-05-14 10:40:03,891 - INFO - Y Center: -0.21632530120481924 mm
2024-05-14 10:40:03,891 - INFO - Height: 0.046 mm
2024-05-14 10:40:03,900 - INFO - X Angle: 2.248742309077148 rad
2024-05-14 10:40:03,901 - INFO - Y Angle: -2.258939774085161 rad
2024-05-14 10:40:03,901 - INFO - Box Length: 373.012048192771 mm
2024-05-14 10:40:03,903 - INFO - Box Area: 57030.396283930895 mm^2

2024-05-14 10:40:03,905 - INFO - ############## Results for BOX_1 ##############
2024-05-14 10:40:03,905 - INFO - X Center: -0.6462349397590362 mm
2024-05-14 10:40:03,908 - INFO - Y Center: 0.09569277108433737 mm
2024-05-14 10:40:03,909 - INFO - Height: 0.05151 mm
2024-05-14 10:40:03,909 - INFO - X Angle: 3.09528678159311 rad
2024-05-14 10:40:03,911 - INFO - Y Angle: 0.3911913113150425 rad
2024-05-14 10:40:03,911 - INFO - Box Length: 162.70842345746914 mm
2024-05-14 10:40:03,911 - INFO - Box Area: 13066.526346349267 mm^2

2024-05-14 10:40:03,917 - INFO - ############## Results for BOX_2 ##############
2024-05-14 10:40:03,921 - INFO - X Center: -0.4356024096385543 mm
2024-05-14 10:40:03,923 - INFO - Y Center: 0.012740963855421726 mm
2024-05-14 10:40:03,926 - INFO - Height: 0.053918 mm
2024-05-14 10:40:03,928 - INFO - X Angle: 2.8403369106310414 rad
2024-05-14 10:40:03,929 - INFO - Y Angle: 1.2894580919745846 rad
2024-05-14 10:40:03,931 - INFO - Box Length: 153.87278067199455 mm
2024-05-14 10:40:03,934 - INFO - Box Area: 12303.440267092465 mm^2

2024-05-14 10:40:03,935 - INFO - PREREAL[[-0.721867469879518, -0.21632530120481924, 0.046, 2.248742309077148, -2.258939774085161, 0.0, 373.012048192771, 57030.396283930895], [-0.6462349397590362, 0.09569277108433737, 0.05151, 3.09528678159311, 0.3911913113150425, 0.0, 162.70842345746914, 13066.526346349267], [-0.4356024096385543, 0.012740963855421726, 0.053918, 2.8403369106310414, 1.2894580919745846, 0.0, 153.87278067199455, 12303.440267092465]]
2024-05-14 10:40:03,937 - INFO - REAL [[-0.6462349397590362, 0.09569277108433737, 0.05151, 3.09528678159311, 0.3911913113150425, 0.0, 162.70842345746914, 13066.526346349267], [-0.4356024096385543, 0.012740963855421726, 0.053918, 2.8403369106310414, 1.2894580919745846, 0.0, 153.87278067199455, 12303.440267092465]]
2024-05-14 10:40:04,000 - INFO - Box stacking beginning...
2024-05-14 10:40:08,589 - INFO - BOX_0 has been picked up, preparing to stack...

2024-05-14 10:40:11,729 - INFO - Box has beeen stacked
2024-05-14 10:40:14,419 - INFO - BOX_0 has been stacked

2024-05-14 10:40:21,658 - INFO - BOX_1 has been picked up, preparing to stack...

2024-05-14 10:40:25,216 - INFO - Box has beeen stacked
2024-05-14 10:40:27,395 - INFO - BOX_1 has been stacked

2024-05-14 10:40:29,209 - INFO - 2 Boxes stacked successfully, awaiting further input...
2024-05-14 10:40:32,125 - INFO - Closing sockets to robot
2024-05-14 10:40:32,135 - INFO - Robot connection closed.

2024-05-14 10:40:32,136 - INFO - End of log
#########################################

