2024-04-17 16:42:36,243 - INFO - Beginning of log
2024-04-17 16:42:36,481 - INFO - Remove 79 bytes of garbage at begining of packet
2024-04-17 16:42:36,582 - INFO - Robot is Online
2024-04-17 16:42:36,884 - INFO - MOVE TO STARTING POSITION

2024-04-17 16:42:37,788 - INFO - Camera operation beginning...
2024-04-17 16:42:40,841 - INFO - Images captured
2024-04-17 16:42:40,841 - INFO - Images cropped
2024-04-17 16:42:41,324 - INFO - Depth image CSV saved at C:\Users\AISMLab\Robot_Project\Code\yolov5_obb\robot_detection/cropped_images/depth/depth_csv199.csv
2024-04-17 16:42:41,365 - INFO - Depth image CSV saved at C:\Users\AISMLab\Robot_Project\Code\yolov5_obb\robot_detection/cropped_images/depth/depth_csv199.csv
Camera operation ending...

2024-04-17 16:42:41,365 - INFO - YOLO inference beginning...
2024-04-17 16:42:41,369 - INFO - [34m[1myolo_detect: [0mweights=weights\best.pt, source=0, imgsz=[832, 832], conf_thres=0.8, iou_thres=0.7, max_det=200, device=cpu, view_img=False, save_txt=True, save_conf=False, save_crop=False, nosave=False, classes=None, agnostic_nms=False, augment=False, visualize=False, update=False, project=runs/detect, name=exp, exist_ok=False, line_thickness=2, hide_labels=False, hide_conf=False, half=False, dnn=False
2024-04-17 16:42:41,558 - INFO - YOLOv5  6986bb5 torch 2.2.2+cpu CPU

2024-04-17 16:42:41,628 - INFO - Fusing layers... 
2024-04-17 16:42:41,774 - INFO - Model Summary: 213 layers, 7500979 parameters, 0 gradients
2024-04-17 16:42:42,374 - INFO - image 1/1 C:\Users\AISMLab\Robot_Project\Code\yolov5_obb\robot_detection\cropped_images\color\color_image197.JPEG: 832x832 2 boxs, Done. (0.542s)
2024-04-17 16:42:42,394 - INFO - Speed: 5.3ms pre-process, 542.4ms inference, 0.0ms NMS per image at shape (1, 3, 832, 832)
2024-04-17 16:42:42,411 - INFO - Results saved to [1mruns\detect\exp227[0m
1 labels saved to runs\detect\exp227\labels
2024-04-17 16:42:42,413 - INFO - YOLO inference ending...

2024-04-17 16:42:42,415 - INFO - Post processing beginning...
2024-04-17 16:42:43,293 - INFO - Depth image subtracted saved at C:\Users\AISMLab\Robot_Project\Code\yolov5_obb\robot_detection/output/depth_img_subtracted209.csv
2024-04-17 16:42:43,294 - INFO - ERROR for BOX0 Height:0.09
2024-04-17 16:42:43,295 - INFO - ERROR for BOX1 Height:0.21
2024-04-17 16:42:43,296 - INFO - ############## Results for BOX0 ##############
2024-04-17 16:42:43,297 - INFO - X angle for BOX0: 2.920175080925002 rad
2024-04-17 16:42:43,298 - INFO - Y angle for BOX0: -1.1126076924854835 rad
2024-04-17 16:42:43,298 - INFO - X Center for BOX0: -624.0060240963855 mm
2024-04-17 16:42:43,298 - INFO - Y Center for BOX0: 83.22289156626508 mm
2024-04-17 16:42:43,298 - INFO - Z (Height) for BOX0: 48.918 mm

2024-04-17 16:42:43,298 - INFO - ############## Results for BOX1 ##############
2024-04-17 16:42:43,300 - INFO - X angle for BOX1: 2.298798863610351 rad
2024-04-17 16:42:43,300 - INFO - Y angle for BOX1: 2.1898752178889294 rad
2024-04-17 16:42:43,300 - INFO - X Center for BOX1: -529.1265060240964 mm
2024-04-17 16:42:43,301 - INFO - Y Center for BOX1: -164.00602409638552 mm
2024-04-17 16:42:43,301 - INFO - Z (Height) for BOX1: 42.408 mm

2024-04-17 16:42:43,301 - INFO - Area: [10619.0, 44834.5]
2024-04-17 16:42:43,311 - INFO - BOX1 is the largest box and base for stacking
2024-04-17 16:42:43,317 - INFO - Post processing ending...

2024-04-17 16:42:44,415 - INFO - Closing sockets to robot
2024-04-17 16:42:44,420 - INFO - Robot connection closed.

2024-04-17 16:42:44,421 - INFO - End of log
#########################################
#########################################

2024-04-17 16:43:12,671 - INFO - Beginning of log
2024-04-17 16:43:12,942 - INFO - Remove 79 bytes of garbage at begining of packet
2024-04-17 16:43:13,045 - INFO - Robot is Online
2024-04-17 16:43:13,352 - INFO - MOVE TO STARTING POSITION

2024-04-17 16:43:14,251 - INFO - Camera operation beginning...
2024-04-17 16:43:17,043 - INFO - Images captured
2024-04-17 16:43:17,058 - INFO - Images cropped
2024-04-17 16:43:17,541 - INFO - Depth image CSV saved at C:\Users\AISMLab\Robot_Project\Code\yolov5_obb\robot_detection/cropped_images/depth/depth_csv200.csv
2024-04-17 16:43:17,575 - INFO - Depth image CSV saved at C:\Users\AISMLab\Robot_Project\Code\yolov5_obb\robot_detection/cropped_images/depth/depth_csv200.csv
Camera operation ending...

2024-04-17 16:43:17,575 - INFO - YOLO inference beginning...
2024-04-17 16:43:17,588 - INFO - [34m[1myolo_detect: [0mweights=weights\best.pt, source=0, imgsz=[832, 832], conf_thres=0.8, iou_thres=0.7, max_det=200, device=cpu, view_img=False, save_txt=True, save_conf=False, save_crop=False, nosave=False, classes=None, agnostic_nms=False, augment=False, visualize=False, update=False, project=runs/detect, name=exp, exist_ok=False, line_thickness=2, hide_labels=False, hide_conf=False, half=False, dnn=False
2024-04-17 16:43:17,791 - INFO - YOLOv5  6986bb5 torch 2.2.2+cpu CPU

2024-04-17 16:43:17,865 - INFO - Fusing layers... 
2024-04-17 16:43:18,012 - INFO - Model Summary: 213 layers, 7500979 parameters, 0 gradients
2024-04-17 16:43:18,644 - INFO - image 1/1 C:\Users\AISMLab\Robot_Project\Code\yolov5_obb\robot_detection\cropped_images\color\color_image198.JPEG: 832x832 2 boxs, Done. (0.586s)
2024-04-17 16:43:18,680 - INFO - Speed: 0.0ms pre-process, 586.5ms inference, 0.0ms NMS per image at shape (1, 3, 832, 832)
2024-04-17 16:43:18,682 - INFO - Results saved to [1mruns\detect\exp228[0m
1 labels saved to runs\detect\exp228\labels
2024-04-17 16:43:18,683 - INFO - YOLO inference ending...

2024-04-17 16:43:18,684 - INFO - Post processing beginning...
2024-04-17 16:43:19,510 - INFO - Depth image subtracted saved at C:\Users\AISMLab\Robot_Project\Code\yolov5_obb\robot_detection/output/depth_img_subtracted210.csv
2024-04-17 16:43:19,510 - INFO - ERROR for BOX0 Height:0.07
2024-04-17 16:43:19,510 - INFO - ERROR for BOX1 Height:0.22
2024-04-17 16:43:19,510 - INFO - ############## Results for BOX0 ##############
2024-04-17 16:43:19,526 - INFO - X angle for BOX0: 2.916096256448135 rad
2024-04-17 16:43:19,533 - INFO - Y angle for BOX0: -1.1199977632657963 rad
2024-04-17 16:43:19,533 - INFO - X Center for BOX0: -624.2771084337351 mm
2024-04-17 16:43:19,533 - INFO - Y Center for BOX0: 83.49397590361448 mm
2024-04-17 16:43:19,535 - INFO - Z (Height) for BOX0: 49.98 mm

2024-04-17 16:43:19,536 - INFO - ############## Results for BOX1 ##############
2024-04-17 16:43:19,536 - INFO - X angle for BOX1: 2.2891648192674596 rad
2024-04-17 16:43:19,537 - INFO - Y angle for BOX1: 2.1898752178889294 rad
2024-04-17 16:43:19,537 - INFO - X Center for BOX1: -528.3132530120482 mm
2024-04-17 16:43:19,538 - INFO - Y Center for BOX1: -164.00602409638552 mm
2024-04-17 16:43:19,538 - INFO - Z (Height) for BOX1: 42.306 mm

2024-04-17 16:43:19,538 - INFO - Area: [10668.0, 44743.5]
2024-04-17 16:43:19,546 - INFO - BOX1 is the largest box and base for stacking
2024-04-17 16:43:19,550 - INFO - Post processing ending...

2024-04-17 16:43:19,550 - INFO - Box stacking beginning...
2024-04-17 16:43:32,837 - INFO - BOX_0 has been picked up, preparing to stack...

2024-04-17 16:43:41,996 - INFO - Opening real-time monitor socket
2024-04-17 16:43:42,910 - INFO - Box has beeen stacked
2024-04-17 16:43:45,103 - INFO - BOX_0 has been stacked

2024-04-17 16:43:46,109 - INFO - 1 Boxes stacked successfully, returning to starting position...
2024-04-17 16:43:53,955 - INFO - Closing sockets to robot
2024-04-17 16:43:53,957 - INFO - Robot connection closed.

2024-04-17 16:43:53,962 - INFO - End of log
#########################################
#########################################

2024-04-17 16:48:30,277 - INFO - Beginning of log
2024-04-17 16:48:30,346 - INFO - Remove 79 bytes of garbage at begining of packet
2024-04-17 16:48:30,447 - INFO - Robot is Online
2024-04-17 16:48:30,746 - INFO - MOVE TO STARTING POSITION

2024-04-17 16:48:31,655 - INFO - Camera operation beginning...
2024-04-17 16:48:34,571 - INFO - Images captured
2024-04-17 16:48:34,577 - INFO - Images cropped
2024-04-17 16:48:34,990 - INFO - Depth image CSV saved at C:\Users\AISMLab\Robot_Project\Code\yolov5_obb\robot_detection/cropped_images/depth/depth_csv201.csv
2024-04-17 16:48:35,021 - INFO - Depth image CSV saved at C:\Users\AISMLab\Robot_Project\Code\yolov5_obb\robot_detection/cropped_images/depth/depth_csv201.csv
Camera operation ending...

2024-04-17 16:48:35,022 - INFO - YOLO inference beginning...
2024-04-17 16:48:35,026 - INFO - [34m[1myolo_detect: [0mweights=weights\best.pt, source=0, imgsz=[832, 832], conf_thres=0.8, iou_thres=0.7, max_det=200, device=cpu, view_img=False, save_txt=True, save_conf=False, save_crop=False, nosave=False, classes=None, agnostic_nms=False, augment=False, visualize=False, update=False, project=runs/detect, name=exp, exist_ok=False, line_thickness=2, hide_labels=False, hide_conf=False, half=False, dnn=False
2024-04-17 16:48:35,219 - INFO - YOLOv5  6986bb5 torch 2.2.2+cpu CPU

2024-04-17 16:48:35,275 - INFO - Fusing layers... 
2024-04-17 16:48:35,420 - INFO - Model Summary: 213 layers, 7500979 parameters, 0 gradients
2024-04-17 16:48:35,957 - INFO - image 1/1 C:\Users\AISMLab\Robot_Project\Code\yolov5_obb\robot_detection\cropped_images\color\color_image199.JPEG: 832x832 2 boxs, Done. (0.486s)
2024-04-17 16:48:35,983 - INFO - Speed: 4.0ms pre-process, 486.3ms inference, 15.6ms NMS per image at shape (1, 3, 832, 832)
2024-04-17 16:48:35,984 - INFO - Results saved to [1mruns\detect\exp229[0m
1 labels saved to runs\detect\exp229\labels
2024-04-17 16:48:35,986 - INFO - YOLO inference ending...

2024-04-17 16:48:35,986 - INFO - Post processing beginning...
2024-04-17 16:48:36,817 - INFO - Depth image subtracted saved at C:\Users\AISMLab\Robot_Project\Code\yolov5_obb\robot_detection/output/depth_img_subtracted211.csv
2024-04-17 16:48:36,817 - INFO - ERROR for BOX0 Height:0.0
2024-04-17 16:48:36,817 - INFO - ERROR for BOX1 Height:0.22
2024-04-17 16:48:36,817 - INFO - ############## Results for BOX0 ##############
2024-04-17 16:48:36,817 - INFO - X angle for BOX0: 2.4028674938074346 rad
2024-04-17 16:48:36,817 - INFO - Y angle for BOX0: -1.9901657996304198 rad
2024-04-17 16:48:36,817 - INFO - X Center for BOX0: -355.3614457831326 mm
2024-04-17 16:48:36,817 - INFO - Y Center for BOX0: 87.56024096385543 mm
2024-04-17 16:48:36,832 - INFO - Z (Height) for BOX0: 54.061 mm

2024-04-17 16:48:36,832 - INFO - ############## Results for BOX1 ##############
2024-04-17 16:48:36,833 - INFO - X angle for BOX1: 2.248742309077148 rad
2024-04-17 16:48:36,834 - INFO - Y angle for BOX1: -2.258939774085161 rad
2024-04-17 16:48:36,834 - INFO - X Center for BOX1: -544.5783132530121 mm
2024-04-17 16:48:36,835 - INFO - Y Center for BOX1: -156.14457831325296 mm
2024-04-17 16:48:36,835 - INFO - Z (Height) for BOX1: 41.939 mm

2024-04-17 16:48:36,836 - INFO - Area: [11547.0, 42978.0]
2024-04-17 16:48:36,846 - INFO - BOX1 is the largest box and base for stacking
2024-04-17 16:48:36,857 - INFO - Post processing ending...

2024-04-17 16:48:36,857 - INFO - Box stacking beginning...
2024-04-17 16:48:48,734 - INFO - BOX_0 has been picked up, preparing to stack...

2024-04-17 16:48:54,567 - INFO - Opening real-time monitor socket
2024-04-17 16:48:55,456 - INFO - Box has beeen stacked
2024-04-17 16:48:57,582 - INFO - BOX_0 has been stacked

2024-04-17 16:48:58,597 - INFO - 1 Boxes stacked successfully, returning to starting position...
2024-04-17 16:49:06,635 - INFO - Closing sockets to robot
2024-04-17 16:49:06,639 - INFO - Robot connection closed.

2024-04-17 16:49:06,641 - INFO - End of log
#########################################
#########################################

2024-04-17 16:49:38,894 - INFO - Beginning of log
2024-04-17 16:49:39,481 - INFO - Remove 79 bytes of garbage at begining of packet
2024-04-17 16:49:39,582 - INFO - Robot is Online
2024-04-17 16:49:39,880 - INFO - MOVE TO STARTING POSITION

2024-04-17 16:49:40,786 - INFO - Camera operation beginning...
2024-04-17 16:49:43,681 - INFO - Images captured
2024-04-17 16:49:43,686 - INFO - Images cropped
2024-04-17 16:49:44,210 - INFO - Depth image CSV saved at C:\Users\AISMLab\Robot_Project\Code\yolov5_obb\robot_detection/cropped_images/depth/depth_csv202.csv
2024-04-17 16:49:44,232 - INFO - Depth image CSV saved at C:\Users\AISMLab\Robot_Project\Code\yolov5_obb\robot_detection/cropped_images/depth/depth_csv202.csv
Camera operation ending...

2024-04-17 16:49:44,232 - INFO - YOLO inference beginning...
2024-04-17 16:49:44,243 - INFO - [34m[1myolo_detect: [0mweights=weights\best.pt, source=0, imgsz=[832, 832], conf_thres=0.8, iou_thres=0.7, max_det=200, device=cpu, view_img=False, save_txt=True, save_conf=False, save_crop=False, nosave=False, classes=None, agnostic_nms=False, augment=False, visualize=False, update=False, project=runs/detect, name=exp, exist_ok=False, line_thickness=2, hide_labels=False, hide_conf=False, half=False, dnn=False
2024-04-17 16:49:44,424 - INFO - YOLOv5  6986bb5 torch 2.2.2+cpu CPU

2024-04-17 16:49:44,508 - INFO - Fusing layers... 
2024-04-17 16:49:44,685 - INFO - Model Summary: 213 layers, 7500979 parameters, 0 gradients
2024-04-17 16:49:45,323 - INFO - image 1/1 C:\Users\AISMLab\Robot_Project\Code\yolov5_obb\robot_detection\cropped_images\color\color_image200.JPEG: 832x832 3 boxs, Done. (0.590s)
2024-04-17 16:49:45,345 - INFO - Speed: 4.2ms pre-process, 589.8ms inference, 0.0ms NMS per image at shape (1, 3, 832, 832)
2024-04-17 16:49:45,356 - INFO - Results saved to [1mruns\detect\exp230[0m
1 labels saved to runs\detect\exp230\labels
2024-04-17 16:49:45,357 - INFO - YOLO inference ending...

2024-04-17 16:49:45,359 - INFO - Post processing beginning...
2024-04-17 16:49:46,442 - INFO - Depth image subtracted saved at C:\Users\AISMLab\Robot_Project\Code\yolov5_obb\robot_detection/output/depth_img_subtracted212.csv
2024-04-17 16:49:46,458 - INFO - ERROR for BOX0 Height:0.12
2024-04-17 16:49:46,458 - INFO - ERROR for BOX1 Height:0.16
2024-04-17 16:49:46,458 - INFO - ERROR for BOX2 Height:0.27
2024-04-17 16:49:46,458 - INFO - ############## Results for BOX0 ##############
2024-04-17 16:49:46,458 - INFO - X angle for BOX0: 2.988716020300684 rad
2024-04-17 16:49:46,458 - INFO - Y angle for BOX0: 0.8769932455975762 rad
2024-04-17 16:49:46,458 - INFO - X Center for BOX0: -438.0421686746988 mm
2024-04-17 16:49:46,458 - INFO - Y Center for BOX0: 66.14457831325305 mm
2024-04-17 16:49:46,458 - INFO - Z (Height) for BOX0: 47.592 mm

2024-04-17 16:49:46,458 - INFO - ############## Results for BOX1 ##############
2024-04-17 16:49:46,464 - INFO - X angle for BOX1: 2.2829474966648013 rad
2024-04-17 16:49:46,464 - INFO - Y angle for BOX1: 2.194323467059264 rad
2024-04-17 16:49:46,465 - INFO - X Center for BOX1: -618.3132530120482 mm
2024-04-17 16:49:46,465 - INFO - Y Center for BOX1: -271.62650602409633 mm
2024-04-17 16:49:46,465 - INFO - Z (Height) for BOX1: 62.612 mm

2024-04-17 16:49:46,466 - INFO - ############## Results for BOX2 ##############
2024-04-17 16:49:46,467 - INFO - X angle for BOX2: 2.248742309077148 rad
2024-04-17 16:49:46,468 - INFO - Y angle for BOX2: -2.258939774085161 rad
2024-04-17 16:49:46,469 - INFO - X Center for BOX2: -690.9638554216867 mm
2024-04-17 16:49:46,469 - INFO - Y Center for BOX2: -79.15662650602405 mm
2024-04-17 16:49:46,469 - INFO - Z (Height) for BOX2: 39.449 mm

2024-04-17 16:49:46,469 - INFO - Area: [11955.0, 10802.0, 43824.0]
2024-04-17 16:49:46,478 - INFO - BOX2 is the largest box and base for stacking
2024-04-17 16:49:46,490 - INFO - Post processing ending...

2024-04-17 16:49:46,490 - INFO - Box stacking beginning...
2024-04-17 16:49:58,667 - INFO - BOX_0 has been picked up, preparing to stack...

2024-04-17 16:50:07,320 - INFO - Opening real-time monitor socket
2024-04-17 16:50:08,164 - INFO - Box has beeen stacked
2024-04-17 16:50:10,833 - INFO - BOX_0 has been stacked

2024-04-17 16:50:26,911 - INFO - BOX_1 has been picked up, preparing to stack...

2024-04-17 16:50:40,313 - INFO - Box has beeen stacked
2024-04-17 16:50:42,502 - INFO - BOX_1 has been stacked

2024-04-17 16:50:43,609 - INFO - 2 Boxes stacked successfully, returning to starting position...
2024-04-17 16:50:53,064 - INFO - Closing sockets to robot
2024-04-17 16:50:53,064 - INFO - Robot connection closed.

2024-04-17 16:50:53,064 - INFO - End of log
#########################################
#########################################

